2016-10-04 19:59:12,086 [Worker-6] INFO  o.e.m.c.i.p.ProjectConfigurationManager - Collecting project info '/pom.xml' /Users/sriram/Documents/Selenium_repo/Selenium/Core.Hybrid/pom.xml
2016-10-04 19:59:12,799 [Worker-6] INFO  o.e.m.c.i.l.LifecycleMappingFactory - Using org.eclipse.m2e.jdt.JarLifecycleMapping lifecycle mapping for MavenProject: Selenium.Framework:Core.Hybrid:0.0.1-SNAPSHOT @ /Users/sriram/Documents/Selenium_repo/Selenium/Core.Hybrid/pom.xml.
2016-10-04 19:59:13,194 [Worker-6] INFO  o.e.m.j.i.AbstractJavaProjectConfigurator - Adding source folder /Core.Hybrid/src/main/java
2016-10-04 19:59:13,196 [Worker-6] INFO  o.e.m.j.i.AbstractJavaProjectConfigurator - Adding source folder /Core.Hybrid/src/test/java
2016-10-04 19:59:13,709 [Worker-6] INFO  o.e.m.c.i.p.ProjectConfigurationManager - Imported and configured 1 project(s) in 1 sec
2016-10-04 19:59:14,232 [Worker-18] INFO  o.e.m.c.i.embedder.EclipseLogger - Using 'UTF-8' encoding to copy filtered resources.
2016-10-04 19:59:14,233 [Worker-18] INFO  o.e.m.c.i.embedder.EclipseLogger - skip non existing resourceDirectory /Users/sriram/Documents/Selenium_repo/Selenium/Core.Hybrid/src/main/resources
2016-10-04 19:59:14,235 [Worker-18] INFO  o.e.m.c.i.embedder.EclipseLogger - Using 'UTF-8' encoding to copy filtered resources.
2016-10-04 19:59:14,235 [Worker-18] INFO  o.e.m.c.i.embedder.EclipseLogger - skip non existing resourceDirectory /Users/sriram/Documents/Selenium_repo/Selenium/Core.Hybrid/src/test/resources
2016-10-04 20:00:22,032 [Worker-4] INFO  o.e.m.c.i.p.ProjectConfigurationManager - Collecting project info '/pom.xml' /Users/sriram/Documents/Selenium_repo/Selenium/Selenium.Framework/pom.xml
2016-10-04 20:00:22,248 [Worker-4] INFO  o.e.m.c.i.l.LifecycleMappingFactory - Using org.eclipse.m2e.jdt.JarLifecycleMapping lifecycle mapping for MavenProject: Hybrid:Selenium.Framework:0.0.1-SNAPSHOT @ /Users/sriram/Documents/Selenium_repo/Selenium/Selenium.Framework/pom.xml.
2016-10-04 20:00:22,427 [Worker-4] INFO  o.e.m.j.i.AbstractJavaProjectConfigurator - Adding source folder /Selenium.Framework/src/main/java
2016-10-04 20:00:22,429 [Worker-4] INFO  o.e.m.j.i.AbstractJavaProjectConfigurator - Adding source folder /Selenium.Framework/src/test/java
2016-10-04 20:00:22,447 [Worker-4] INFO  o.e.m.c.i.p.ProjectConfigurationManager - Imported and configured 1 project(s) in 0 sec
2016-10-04 20:00:22,786 [Worker-4] INFO  o.e.m.c.i.embedder.EclipseLogger - Using 'UTF-8' encoding to copy filtered resources.
2016-10-04 20:00:22,786 [Worker-4] INFO  o.e.m.c.i.embedder.EclipseLogger - skip non existing resourceDirectory /Users/sriram/Documents/Selenium_repo/Selenium/Selenium.Framework/src/main/resources
2016-10-04 20:00:22,788 [Worker-4] INFO  o.e.m.c.i.embedder.EclipseLogger - Using 'UTF-8' encoding to copy filtered resources.
2016-10-04 20:00:22,788 [Worker-4] INFO  o.e.m.c.i.embedder.EclipseLogger - skip non existing resourceDirectory /Users/sriram/Documents/Selenium_repo/Selenium/Selenium.Framework/src/test/resources
2016-10-04 20:01:25,956 [Worker-20] INFO  o.e.m.c.i.l.LifecycleMappingFactory - Using org.eclipse.m2e.jdt.JarLifecycleMapping lifecycle mapping for MavenProject: Hybrid:Selenium.Framework:0.0.1-SNAPSHOT @ /Users/sriram/Documents/Selenium_repo/Selenium/Selenium.Framework/pom.xml.
2016-10-04 20:01:26,248 [Worker-20] INFO  o.e.m.c.i.embedder.EclipseLogger - Using 'UTF-8' encoding to copy filtered resources.
2016-10-04 20:01:26,248 [Worker-20] INFO  o.e.m.c.i.embedder.EclipseLogger - skip non existing resourceDirectory /Users/sriram/Documents/Selenium_repo/Selenium/Selenium.Framework/src/main/resources
2016-10-04 20:01:26,249 [Worker-20] INFO  o.e.m.c.i.embedder.EclipseLogger - Using 'UTF-8' encoding to copy filtered resources.
2016-10-04 20:01:26,249 [Worker-20] INFO  o.e.m.c.i.embedder.EclipseLogger - skip non existing resourceDirectory /Users/sriram/Documents/Selenium_repo/Selenium/Selenium.Framework/src/test/resources
2016-10-04 20:01:27,562 [Worker-4] INFO  o.e.m.c.i.embedder.EclipseLogger - Using 'UTF-8' encoding to copy filtered resources.
2016-10-04 20:01:27,562 [Worker-4] INFO  o.e.m.c.i.embedder.EclipseLogger - skip non existing resourceDirectory /Users/sriram/Documents/Selenium_repo/Selenium/Selenium.Framework/src/main/resources
2016-10-04 20:01:27,564 [Worker-4] INFO  o.e.m.c.i.embedder.EclipseLogger - Using 'UTF-8' encoding to copy filtered resources.
2016-10-04 20:01:27,564 [Worker-4] INFO  o.e.m.c.i.embedder.EclipseLogger - skip non existing resourceDirectory /Users/sriram/Documents/Selenium_repo/Selenium/Selenium.Framework/src/test/resources
2016-10-04 20:03:29,809 [Worker-24] INFO  o.e.m.c.i.embedder.EclipseLogger - Using 'UTF-8' encoding to copy filtered resources.
2016-10-04 20:03:29,809 [Worker-24] INFO  o.e.m.c.i.embedder.EclipseLogger - skip non existing resourceDirectory /Users/sriram/Documents/Selenium_repo/Selenium/Selenium.Framework/src/main/resources
2016-10-04 20:03:29,809 [Worker-24] INFO  o.e.m.c.i.embedder.EclipseLogger - Using 'UTF-8' encoding to copy filtered resources.
2016-10-04 20:03:29,809 [Worker-24] INFO  o.e.m.c.i.embedder.EclipseLogger - skip non existing resourceDirectory /Users/sriram/Documents/Selenium_repo/Selenium/Selenium.Framework/src/test/resources
2016-10-04 20:03:54,723 [Worker-24] INFO  o.e.m.c.i.embedder.EclipseLogger - Using 'UTF-8' encoding to copy filtered resources.
2016-10-04 20:03:54,723 [Worker-24] INFO  o.e.m.c.i.embedder.EclipseLogger - skip non existing resourceDirectory /Users/sriram/Documents/Selenium_repo/Selenium/Selenium.Framework/src/main/resources
2016-10-04 20:03:54,724 [Worker-24] INFO  o.e.m.c.i.embedder.EclipseLogger - Using 'UTF-8' encoding to copy filtered resources.
2016-10-04 20:03:54,724 [Worker-24] INFO  o.e.m.c.i.embedder.EclipseLogger - skip non existing resourceDirectory /Users/sriram/Documents/Selenium_repo/Selenium/Selenium.Framework/src/test/resources
2016-10-04 20:04:56,055 [Worker-4] INFO  o.e.m.c.i.embedder.EclipseLogger - Using 'UTF-8' encoding to copy filtered resources.
2016-10-04 20:04:56,055 [Worker-4] INFO  o.e.m.c.i.embedder.EclipseLogger - skip non existing resourceDirectory /Users/sriram/Documents/Selenium_repo/Selenium/Selenium.Framework/src/main/resources
2016-10-04 20:04:56,055 [Worker-4] INFO  o.e.m.c.i.embedder.EclipseLogger - Using 'UTF-8' encoding to copy filtered resources.
2016-10-04 20:04:56,055 [Worker-4] INFO  o.e.m.c.i.embedder.EclipseLogger - skip non existing resourceDirectory /Users/sriram/Documents/Selenium_repo/Selenium/Selenium.Framework/src/test/resources
2016-10-04 20:05:09,664 [Worker-18] INFO  o.e.m.c.i.embedder.EclipseLogger - Using 'UTF-8' encoding to copy filtered resources.
2016-10-04 20:05:09,665 [Worker-18] INFO  o.e.m.c.i.embedder.EclipseLogger - skip non existing resourceDirectory /Users/sriram/Documents/Selenium_repo/Selenium/Selenium.Framework/src/main/resources
2016-10-04 20:05:09,666 [Worker-18] INFO  o.e.m.c.i.embedder.EclipseLogger - Using 'UTF-8' encoding to copy filtered resources.
2016-10-04 20:05:09,666 [Worker-18] INFO  o.e.m.c.i.embedder.EclipseLogger - skip non existing resourceDirectory /Users/sriram/Documents/Selenium_repo/Selenium/Selenium.Framework/src/test/resources
2016-10-04 20:05:54,151 [Worker-22] INFO  o.e.m.c.i.embedder.EclipseLogger - Using 'UTF-8' encoding to copy filtered resources.
2016-10-04 20:05:54,151 [Worker-22] INFO  o.e.m.c.i.embedder.EclipseLogger - skip non existing resourceDirectory /Users/sriram/Documents/Selenium_repo/Selenium/Selenium.Framework/src/main/resources
2016-10-04 20:05:54,152 [Worker-22] INFO  o.e.m.c.i.embedder.EclipseLogger - Using 'UTF-8' encoding to copy filtered resources.
2016-10-04 20:05:54,152 [Worker-22] INFO  o.e.m.c.i.embedder.EclipseLogger - skip non existing resourceDirectory /Users/sriram/Documents/Selenium_repo/Selenium/Selenium.Framework/src/test/resources
2016-10-04 20:06:11,551 [Worker-4] INFO  o.e.m.c.i.embedder.EclipseLogger - Using 'UTF-8' encoding to copy filtered resources.
2016-10-04 20:06:11,551 [Worker-4] INFO  o.e.m.c.i.embedder.EclipseLogger - skip non existing resourceDirectory /Users/sriram/Documents/Selenium_repo/Selenium/Selenium.Framework/src/main/resources
2016-10-04 20:06:11,552 [Worker-4] INFO  o.e.m.c.i.embedder.EclipseLogger - Using 'UTF-8' encoding to copy filtered resources.
2016-10-04 20:06:11,553 [Worker-4] INFO  o.e.m.c.i.embedder.EclipseLogger - skip non existing resourceDirectory /Users/sriram/Documents/Selenium_repo/Selenium/Selenium.Framework/src/test/resources
2016-10-04 20:14:09,429 [Worker-25] INFO  o.e.m.c.i.embedder.EclipseLogger - Using 'UTF-8' encoding to copy filtered resources.
2016-10-04 20:14:09,429 [Worker-25] INFO  o.e.m.c.i.embedder.EclipseLogger - skip non existing resourceDirectory /Users/sriram/Documents/Selenium_repo/Selenium/Selenium.Framework/src/main/resources
2016-10-04 20:14:09,430 [Worker-25] INFO  o.e.m.c.i.embedder.EclipseLogger - Using 'UTF-8' encoding to copy filtered resources.
2016-10-04 20:14:09,430 [Worker-25] INFO  o.e.m.c.i.embedder.EclipseLogger - skip non existing resourceDirectory /Users/sriram/Documents/Selenium_repo/Selenium/Selenium.Framework/src/test/resources
2016-10-04 20:15:08,899 [Worker-26] INFO  o.e.m.c.i.embedder.EclipseLogger - Using 'UTF-8' encoding to copy filtered resources.
2016-10-04 20:15:08,899 [Worker-26] INFO  o.e.m.c.i.embedder.EclipseLogger - skip non existing resourceDirectory /Users/sriram/Documents/Selenium_repo/Selenium/Selenium.Framework/src/main/resources
2016-10-04 20:15:08,900 [Worker-26] INFO  o.e.m.c.i.embedder.EclipseLogger - Using 'UTF-8' encoding to copy filtered resources.
2016-10-04 20:15:08,900 [Worker-26] INFO  o.e.m.c.i.embedder.EclipseLogger - skip non existing resourceDirectory /Users/sriram/Documents/Selenium_repo/Selenium/Selenium.Framework/src/test/resources
2016-10-04 20:34:35,064 [Worker-33] INFO  o.e.m.c.i.l.LifecycleMappingFactory - Using org.eclipse.m2e.jdt.JarLifecycleMapping lifecycle mapping for MavenProject: Hybrid:Selenium.Framework:0.0.1-SNAPSHOT @ /Users/sriram/Documents/Selenium_repo/Selenium/Selenium.Framework/pom.xml.
2016-10-04 20:34:35,786 [Worker-33] INFO  o.e.m.c.i.e.AbstractTransferListenerAdapter - Downloading https://repo.maven.apache.org/maven2/org/apache/poi/poi/3.15/poi-3.15.pom
2016-10-04 20:34:35,809 [Worker-33] INFO  o.e.m.c.i.e.AbstractTransferListenerAdapter - Downloaded https://repo.maven.apache.org/maven2/org/apache/poi/poi/3.15/poi-3.15.pom
2016-10-04 20:34:35,829 [Worker-33] INFO  o.e.m.c.i.e.AbstractTransferListenerAdapter - Downloading https://repo.maven.apache.org/maven2/org/apache/commons/commons-collections4/4.1/commons-collections4-4.1.pom
2016-10-04 20:34:35,865 [Worker-33] INFO  o.e.m.c.i.e.AbstractTransferListenerAdapter - Downloaded https://repo.maven.apache.org/maven2/org/apache/commons/commons-collections4/4.1/commons-collections4-4.1.pom
2016-10-04 20:34:35,887 [Worker-33] INFO  o.e.m.c.i.e.AbstractTransferListenerAdapter - Downloading https://repo.maven.apache.org/maven2/org/apache/commons/commons-parent/38/commons-parent-38.pom
2016-10-04 20:34:35,953 [Worker-33] INFO  o.e.m.c.i.e.AbstractTransferListenerAdapter - Downloaded https://repo.maven.apache.org/maven2/org/apache/commons/commons-parent/38/commons-parent-38.pom
2016-10-04 20:34:35,999 [Worker-33] INFO  o.e.m.c.i.e.AbstractTransferListenerAdapter - Downloading https://repo.maven.apache.org/maven2/org/apache/poi/poi/3.15/poi-3.15.jar
2016-10-04 20:34:36,809 [Worker-33] INFO  o.e.m.c.i.e.AbstractTransferListenerAdapter - Downloaded https://repo.maven.apache.org/maven2/org/apache/poi/poi/3.15/poi-3.15.jar
2016-10-04 20:34:36,841 [Worker-33] INFO  o.e.m.c.i.e.AbstractTransferListenerAdapter - Downloading https://repo.maven.apache.org/maven2/org/apache/commons/commons-collections4/4.1/commons-collections4-4.1.jar
2016-10-04 20:34:37,083 [Worker-33] INFO  o.e.m.c.i.e.AbstractTransferListenerAdapter - Downloaded https://repo.maven.apache.org/maven2/org/apache/commons/commons-collections4/4.1/commons-collections4-4.1.jar
2016-10-04 20:34:37,212 [Worker-33] INFO  o.e.m.c.i.embedder.EclipseLogger - Using 'UTF-8' encoding to copy filtered resources.
2016-10-04 20:34:37,212 [Worker-33] INFO  o.e.m.c.i.embedder.EclipseLogger - skip non existing resourceDirectory /Users/sriram/Documents/Selenium_repo/Selenium/Selenium.Framework/src/main/resources
2016-10-04 20:34:37,213 [Worker-33] INFO  o.e.m.c.i.embedder.EclipseLogger - Using 'UTF-8' encoding to copy filtered resources.
2016-10-04 20:34:37,213 [Worker-33] INFO  o.e.m.c.i.embedder.EclipseLogger - skip non existing resourceDirectory /Users/sriram/Documents/Selenium_repo/Selenium/Selenium.Framework/src/test/resources
2016-10-04 20:34:38,729 [Worker-27] INFO  o.e.m.c.i.embedder.EclipseLogger - Using 'UTF-8' encoding to copy filtered resources.
2016-10-04 20:34:38,729 [Worker-27] INFO  o.e.m.c.i.embedder.EclipseLogger - skip non existing resourceDirectory /Users/sriram/Documents/Selenium_repo/Selenium/Selenium.Framework/src/main/resources
2016-10-04 20:34:38,730 [Worker-27] INFO  o.e.m.c.i.embedder.EclipseLogger - Using 'UTF-8' encoding to copy filtered resources.
2016-10-04 20:34:38,730 [Worker-27] INFO  o.e.m.c.i.embedder.EclipseLogger - skip non existing resourceDirectory /Users/sriram/Documents/Selenium_repo/Selenium/Selenium.Framework/src/test/resources
2016-10-04 20:44:52,502 [Worker-33] INFO  o.e.m.c.i.l.LifecycleMappingFactory - Using org.eclipse.m2e.jdt.JarLifecycleMapping lifecycle mapping for MavenProject: Hybrid:Selenium.Framework:0.0.1-SNAPSHOT @ /Users/sriram/Documents/Selenium_repo/Selenium/Selenium.Framework/pom.xml.
2016-10-04 20:44:52,670 [Worker-33] INFO  o.e.m.c.i.e.AbstractTransferListenerAdapter - Downloading https://repo.maven.apache.org/maven2/org/testng/testng/6.9.13.6/testng-6.9.13.6.pom
2016-10-04 20:44:52,704 [Worker-33] INFO  o.e.m.c.i.e.AbstractTransferListenerAdapter - Downloaded https://repo.maven.apache.org/maven2/org/testng/testng/6.9.13.6/testng-6.9.13.6.pom
2016-10-04 20:44:52,722 [Worker-33] INFO  o.e.m.c.i.e.AbstractTransferListenerAdapter - Downloading https://repo.maven.apache.org/maven2/com/beust/jcommander/1.48/jcommander-1.48.pom
2016-10-04 20:44:52,741 [Worker-33] INFO  o.e.m.c.i.e.AbstractTransferListenerAdapter - Downloaded https://repo.maven.apache.org/maven2/com/beust/jcommander/1.48/jcommander-1.48.pom
2016-10-04 20:44:52,765 [Worker-33] INFO  o.e.m.c.i.e.AbstractTransferListenerAdapter - Downloading https://repo.maven.apache.org/maven2/org/sonatype/oss/oss-parent/3/oss-parent-3.pom
2016-10-04 20:44:52,788 [Worker-33] INFO  o.e.m.c.i.e.AbstractTransferListenerAdapter - Downloaded https://repo.maven.apache.org/maven2/org/sonatype/oss/oss-parent/3/oss-parent-3.pom
2016-10-04 20:44:52,807 [Worker-33] INFO  o.e.m.c.i.e.AbstractTransferListenerAdapter - Downloading https://repo.maven.apache.org/maven2/org/apache/ant/ant/1.9.7/ant-1.9.7.pom
2016-10-04 20:44:52,824 [Worker-33] INFO  o.e.m.c.i.e.AbstractTransferListenerAdapter - Downloaded https://repo.maven.apache.org/maven2/org/apache/ant/ant/1.9.7/ant-1.9.7.pom
2016-10-04 20:44:52,859 [Worker-33] INFO  o.e.m.c.i.e.AbstractTransferListenerAdapter - Downloading https://repo.maven.apache.org/maven2/org/apache/ant/ant-parent/1.9.7/ant-parent-1.9.7.pom
2016-10-04 20:44:52,876 [Worker-33] INFO  o.e.m.c.i.e.AbstractTransferListenerAdapter - Downloaded https://repo.maven.apache.org/maven2/org/apache/ant/ant-parent/1.9.7/ant-parent-1.9.7.pom
2016-10-04 20:44:52,896 [Worker-33] INFO  o.e.m.c.i.e.AbstractTransferListenerAdapter - Downloading https://repo.maven.apache.org/maven2/org/apache/ant/ant-launcher/1.9.7/ant-launcher-1.9.7.pom
2016-10-04 20:44:52,918 [Worker-33] INFO  o.e.m.c.i.e.AbstractTransferListenerAdapter - Downloaded https://repo.maven.apache.org/maven2/org/apache/ant/ant-launcher/1.9.7/ant-launcher-1.9.7.pom
2016-10-04 20:44:52,962 [Worker-33] INFO  o.e.m.c.i.e.AbstractTransferListenerAdapter - Downloading https://repo.maven.apache.org/maven2/org/testng/testng/6.9.13.6/testng-6.9.13.6.jar
2016-10-04 20:44:53,307 [Worker-33] INFO  o.e.m.c.i.e.AbstractTransferListenerAdapter - Downloaded https://repo.maven.apache.org/maven2/org/testng/testng/6.9.13.6/testng-6.9.13.6.jar
2016-10-04 20:44:53,324 [Worker-33] INFO  o.e.m.c.i.e.AbstractTransferListenerAdapter - Downloading https://repo.maven.apache.org/maven2/com/beust/jcommander/1.48/jcommander-1.48.jar
2016-10-04 20:44:53,359 [Worker-33] INFO  o.e.m.c.i.e.AbstractTransferListenerAdapter - Downloaded https://repo.maven.apache.org/maven2/com/beust/jcommander/1.48/jcommander-1.48.jar
2016-10-04 20:44:53,406 [Worker-33] INFO  o.e.m.c.i.e.AbstractTransferListenerAdapter - Downloading https://repo.maven.apache.org/maven2/org/apache/ant/ant/1.9.7/ant-1.9.7.jar
2016-10-04 20:44:54,192 [Worker-33] INFO  o.e.m.c.i.e.AbstractTransferListenerAdapter - Downloaded https://repo.maven.apache.org/maven2/org/apache/ant/ant/1.9.7/ant-1.9.7.jar
2016-10-04 20:44:54,226 [Worker-33] INFO  o.e.m.c.i.e.AbstractTransferListenerAdapter - Downloading https://repo.maven.apache.org/maven2/org/apache/ant/ant-launcher/1.9.7/ant-launcher-1.9.7.jar
2016-10-04 20:44:54,244 [Worker-33] INFO  o.e.m.c.i.e.AbstractTransferListenerAdapter - Downloaded https://repo.maven.apache.org/maven2/org/apache/ant/ant-launcher/1.9.7/ant-launcher-1.9.7.jar
2016-10-04 20:44:54,360 [Worker-33] INFO  o.e.m.c.i.embedder.EclipseLogger - Using 'UTF-8' encoding to copy filtered resources.
2016-10-04 20:44:54,360 [Worker-33] INFO  o.e.m.c.i.embedder.EclipseLogger - skip non existing resourceDirectory /Users/sriram/Documents/Selenium_repo/Selenium/Selenium.Framework/src/main/resources
2016-10-04 20:44:54,361 [Worker-33] INFO  o.e.m.c.i.embedder.EclipseLogger - Using 'UTF-8' encoding to copy filtered resources.
2016-10-04 20:44:54,361 [Worker-33] INFO  o.e.m.c.i.embedder.EclipseLogger - skip non existing resourceDirectory /Users/sriram/Documents/Selenium_repo/Selenium/Selenium.Framework/src/test/resources
2016-10-04 20:44:55,612 [Worker-41] INFO  o.e.m.c.i.embedder.EclipseLogger - Using 'UTF-8' encoding to copy filtered resources.
2016-10-04 20:44:55,612 [Worker-41] INFO  o.e.m.c.i.embedder.EclipseLogger - skip non existing resourceDirectory /Users/sriram/Documents/Selenium_repo/Selenium/Selenium.Framework/src/main/resources
2016-10-04 20:44:55,612 [Worker-41] INFO  o.e.m.c.i.embedder.EclipseLogger - Using 'UTF-8' encoding to copy filtered resources.
2016-10-04 20:44:55,612 [Worker-41] INFO  o.e.m.c.i.embedder.EclipseLogger - skip non existing resourceDirectory /Users/sriram/Documents/Selenium_repo/Selenium/Selenium.Framework/src/test/resources
2016-10-04 20:46:03,441 [Worker-33] INFO  o.e.m.c.i.l.LifecycleMappingFactory - Using org.eclipse.m2e.jdt.JarLifecycleMapping lifecycle mapping for MavenProject: Hybrid:Selenium.Framework:0.0.1-SNAPSHOT @ /Users/sriram/Documents/Selenium_repo/Selenium/Selenium.Framework/pom.xml.
2016-10-04 20:46:03,518 [Worker-33] INFO  o.e.m.c.i.e.AbstractTransferListenerAdapter - Downloading https://repo.maven.apache.org/maven2/javax/mail/mail/1.4.7/mail-1.4.7.pom
2016-10-04 20:46:03,541 [Worker-33] INFO  o.e.m.c.i.e.AbstractTransferListenerAdapter - Downloaded https://repo.maven.apache.org/maven2/javax/mail/mail/1.4.7/mail-1.4.7.pom
2016-10-04 20:46:03,566 [Worker-33] INFO  o.e.m.c.i.e.AbstractTransferListenerAdapter - Downloading https://repo.maven.apache.org/maven2/com/sun/mail/all/1.4.7/all-1.4.7.pom
2016-10-04 20:46:03,588 [Worker-33] INFO  o.e.m.c.i.e.AbstractTransferListenerAdapter - Downloaded https://repo.maven.apache.org/maven2/com/sun/mail/all/1.4.7/all-1.4.7.pom
2016-10-04 20:46:03,607 [Worker-33] INFO  o.e.m.c.i.e.AbstractTransferListenerAdapter - Downloading https://repo.maven.apache.org/maven2/net/java/jvnet-parent/1/jvnet-parent-1.pom
2016-10-04 20:46:03,623 [Worker-33] INFO  o.e.m.c.i.e.AbstractTransferListenerAdapter - Downloaded https://repo.maven.apache.org/maven2/net/java/jvnet-parent/1/jvnet-parent-1.pom
2016-10-04 20:46:03,643 [Worker-33] INFO  o.e.m.c.i.e.AbstractTransferListenerAdapter - Downloading https://repo.maven.apache.org/maven2/javax/activation/activation/1.1/activation-1.1.pom
2016-10-04 20:46:03,671 [Worker-33] INFO  o.e.m.c.i.e.AbstractTransferListenerAdapter - Downloaded https://repo.maven.apache.org/maven2/javax/activation/activation/1.1/activation-1.1.pom
2016-10-04 20:46:03,702 [Worker-33] INFO  o.e.m.c.i.e.AbstractTransferListenerAdapter - Downloading https://repo.maven.apache.org/maven2/javax/mail/mail/1.4.7/mail-1.4.7.jar
2016-10-04 20:46:03,895 [Worker-33] INFO  o.e.m.c.i.e.AbstractTransferListenerAdapter - Downloaded https://repo.maven.apache.org/maven2/javax/mail/mail/1.4.7/mail-1.4.7.jar
2016-10-04 20:46:03,914 [Worker-33] INFO  o.e.m.c.i.e.AbstractTransferListenerAdapter - Downloading https://repo.maven.apache.org/maven2/javax/activation/activation/1.1/activation-1.1.jar
2016-10-04 20:46:03,959 [Worker-33] INFO  o.e.m.c.i.e.AbstractTransferListenerAdapter - Downloaded https://repo.maven.apache.org/maven2/javax/activation/activation/1.1/activation-1.1.jar
2016-10-04 20:46:04,056 [Worker-33] INFO  o.e.m.c.i.embedder.EclipseLogger - Using 'UTF-8' encoding to copy filtered resources.
2016-10-04 20:46:04,056 [Worker-33] INFO  o.e.m.c.i.embedder.EclipseLogger - skip non existing resourceDirectory /Users/sriram/Documents/Selenium_repo/Selenium/Selenium.Framework/src/main/resources
2016-10-04 20:46:04,057 [Worker-33] INFO  o.e.m.c.i.embedder.EclipseLogger - Using 'UTF-8' encoding to copy filtered resources.
2016-10-04 20:46:04,057 [Worker-33] INFO  o.e.m.c.i.embedder.EclipseLogger - skip non existing resourceDirectory /Users/sriram/Documents/Selenium_repo/Selenium/Selenium.Framework/src/test/resources
2016-10-04 20:46:05,269 [Worker-38] INFO  o.e.m.c.i.embedder.EclipseLogger - Using 'UTF-8' encoding to copy filtered resources.
2016-10-04 20:46:05,269 [Worker-38] INFO  o.e.m.c.i.embedder.EclipseLogger - skip non existing resourceDirectory /Users/sriram/Documents/Selenium_repo/Selenium/Selenium.Framework/src/main/resources
2016-10-04 20:46:05,269 [Worker-38] INFO  o.e.m.c.i.embedder.EclipseLogger - Using 'UTF-8' encoding to copy filtered resources.
2016-10-04 20:46:05,269 [Worker-38] INFO  o.e.m.c.i.embedder.EclipseLogger - skip non existing resourceDirectory /Users/sriram/Documents/Selenium_repo/Selenium/Selenium.Framework/src/test/resources
2016-10-04 20:47:27,066 [Worker-41] INFO  o.e.m.c.i.l.LifecycleMappingFactory - Using org.eclipse.m2e.jdt.JarLifecycleMapping lifecycle mapping for MavenProject: Hybrid:Selenium.Framework:0.0.1-SNAPSHOT @ /Users/sriram/Documents/Selenium_repo/Selenium/Selenium.Framework/pom.xml.
2016-10-04 20:47:27,221 [Worker-41] INFO  o.e.m.c.i.e.AbstractTransferListenerAdapter - Downloading https://repo.maven.apache.org/maven2/com/relevantcodes/extentreports/2.41.1/extentreports-2.41.1.pom
2016-10-04 20:47:27,246 [Worker-41] INFO  o.e.m.c.i.e.AbstractTransferListenerAdapter - Downloaded https://repo.maven.apache.org/maven2/com/relevantcodes/extentreports/2.41.1/extentreports-2.41.1.pom
2016-10-04 20:47:27,264 [Worker-41] INFO  o.e.m.c.i.e.AbstractTransferListenerAdapter - Downloading https://repo.maven.apache.org/maven2/org/jsoup/jsoup/1.8.3/jsoup-1.8.3.pom
2016-10-04 20:47:27,280 [Worker-41] INFO  o.e.m.c.i.e.AbstractTransferListenerAdapter - Downloaded https://repo.maven.apache.org/maven2/org/jsoup/jsoup/1.8.3/jsoup-1.8.3.pom
2016-10-04 20:47:27,298 [Worker-41] INFO  o.e.m.c.i.e.AbstractTransferListenerAdapter - Downloading https://repo.maven.apache.org/maven2/org/xerial/sqlite-jdbc/3.8.11.1/sqlite-jdbc-3.8.11.1.pom
2016-10-04 20:47:27,330 [Worker-41] INFO  o.e.m.c.i.e.AbstractTransferListenerAdapter - Downloaded https://repo.maven.apache.org/maven2/org/xerial/sqlite-jdbc/3.8.11.1/sqlite-jdbc-3.8.11.1.pom
2016-10-04 20:47:27,356 [Worker-41] INFO  o.e.m.c.i.e.AbstractTransferListenerAdapter - Downloading https://repo.maven.apache.org/maven2/org/freemarker/freemarker/2.3.23/freemarker-2.3.23.pom
2016-10-04 20:47:27,375 [Worker-41] INFO  o.e.m.c.i.e.AbstractTransferListenerAdapter - Downloaded https://repo.maven.apache.org/maven2/org/freemarker/freemarker/2.3.23/freemarker-2.3.23.pom
2016-10-04 20:47:27,396 [Worker-41] INFO  o.e.m.c.i.e.AbstractTransferListenerAdapter - Downloading https://repo.maven.apache.org/maven2/org/mongodb/mongodb-driver/3.0.4/mongodb-driver-3.0.4.pom
2016-10-04 20:47:27,414 [Worker-41] INFO  o.e.m.c.i.e.AbstractTransferListenerAdapter - Downloaded https://repo.maven.apache.org/maven2/org/mongodb/mongodb-driver/3.0.4/mongodb-driver-3.0.4.pom
2016-10-04 20:47:27,433 [Worker-41] INFO  o.e.m.c.i.e.AbstractTransferListenerAdapter - Downloading https://repo.maven.apache.org/maven2/org/mongodb/bson/3.0.4/bson-3.0.4.pom
2016-10-04 20:47:27,451 [Worker-41] INFO  o.e.m.c.i.e.AbstractTransferListenerAdapter - Downloaded https://repo.maven.apache.org/maven2/org/mongodb/bson/3.0.4/bson-3.0.4.pom
2016-10-04 20:47:27,470 [Worker-41] INFO  o.e.m.c.i.e.AbstractTransferListenerAdapter - Downloading https://repo.maven.apache.org/maven2/org/mongodb/mongodb-driver-core/3.0.4/mongodb-driver-core-3.0.4.pom
2016-10-04 20:47:27,486 [Worker-41] INFO  o.e.m.c.i.e.AbstractTransferListenerAdapter - Downloaded https://repo.maven.apache.org/maven2/org/mongodb/mongodb-driver-core/3.0.4/mongodb-driver-core-3.0.4.pom
2016-10-04 20:47:27,537 [Worker-41] INFO  o.e.m.c.i.e.AbstractTransferListenerAdapter - Downloading https://repo.maven.apache.org/maven2/com/relevantcodes/extentreports/2.41.1/extentreports-2.41.1.jar
2016-10-04 20:47:28,070 [Worker-41] INFO  o.e.m.c.i.e.AbstractTransferListenerAdapter - Downloaded https://repo.maven.apache.org/maven2/com/relevantcodes/extentreports/2.41.1/extentreports-2.41.1.jar
2016-10-04 20:47:28,092 [Worker-41] INFO  o.e.m.c.i.e.AbstractTransferListenerAdapter - Downloading https://repo.maven.apache.org/maven2/org/jsoup/jsoup/1.8.3/jsoup-1.8.3.jar
2016-10-04 20:47:28,234 [Worker-41] INFO  o.e.m.c.i.e.AbstractTransferListenerAdapter - Downloaded https://repo.maven.apache.org/maven2/org/jsoup/jsoup/1.8.3/jsoup-1.8.3.jar
2016-10-04 20:47:28,306 [Worker-41] INFO  o.e.m.c.i.e.AbstractTransferListenerAdapter - Downloading https://repo.maven.apache.org/maven2/org/xerial/sqlite-jdbc/3.8.11.1/sqlite-jdbc-3.8.11.1.jar
2016-10-04 20:47:30,014 [Worker-41] INFO  o.e.m.c.i.e.AbstractTransferListenerAdapter - Downloaded https://repo.maven.apache.org/maven2/org/xerial/sqlite-jdbc/3.8.11.1/sqlite-jdbc-3.8.11.1.jar
2016-10-04 20:47:30,033 [Worker-41] INFO  o.e.m.c.i.e.AbstractTransferListenerAdapter - Downloading https://repo.maven.apache.org/maven2/org/freemarker/freemarker/2.3.23/freemarker-2.3.23.jar
2016-10-04 20:47:30,465 [Worker-41] INFO  o.e.m.c.i.e.AbstractTransferListenerAdapter - Downloaded https://repo.maven.apache.org/maven2/org/freemarker/freemarker/2.3.23/freemarker-2.3.23.jar
2016-10-04 20:47:30,489 [Worker-41] INFO  o.e.m.c.i.e.AbstractTransferListenerAdapter - Downloading https://repo.maven.apache.org/maven2/org/mongodb/mongodb-driver/3.0.4/mongodb-driver-3.0.4.jar
2016-10-04 20:47:30,582 [Worker-41] INFO  o.e.m.c.i.e.AbstractTransferListenerAdapter - Downloaded https://repo.maven.apache.org/maven2/org/mongodb/mongodb-driver/3.0.4/mongodb-driver-3.0.4.jar
2016-10-04 20:47:30,660 [Worker-41] INFO  o.e.m.c.i.e.AbstractTransferListenerAdapter - Downloading https://repo.maven.apache.org/maven2/org/mongodb/bson/3.0.4/bson-3.0.4.jar
2016-10-04 20:47:30,733 [Worker-41] INFO  o.e.m.c.i.e.AbstractTransferListenerAdapter - Downloaded https://repo.maven.apache.org/maven2/org/mongodb/bson/3.0.4/bson-3.0.4.jar
2016-10-04 20:47:30,762 [Worker-41] INFO  o.e.m.c.i.e.AbstractTransferListenerAdapter - Downloading https://repo.maven.apache.org/maven2/org/mongodb/mongodb-driver-core/3.0.4/mongodb-driver-core-3.0.4.jar
2016-10-04 20:47:30,984 [Worker-41] INFO  o.e.m.c.i.e.AbstractTransferListenerAdapter - Downloaded https://repo.maven.apache.org/maven2/org/mongodb/mongodb-driver-core/3.0.4/mongodb-driver-core-3.0.4.jar
2016-10-04 20:47:31,181 [Worker-41] INFO  o.e.m.c.i.embedder.EclipseLogger - Using 'UTF-8' encoding to copy filtered resources.
2016-10-04 20:47:31,181 [Worker-41] INFO  o.e.m.c.i.embedder.EclipseLogger - skip non existing resourceDirectory /Users/sriram/Documents/Selenium_repo/Selenium/Selenium.Framework/src/main/resources
2016-10-04 20:47:31,182 [Worker-41] INFO  o.e.m.c.i.embedder.EclipseLogger - Using 'UTF-8' encoding to copy filtered resources.
2016-10-04 20:47:31,182 [Worker-41] INFO  o.e.m.c.i.embedder.EclipseLogger - skip non existing resourceDirectory /Users/sriram/Documents/Selenium_repo/Selenium/Selenium.Framework/src/test/resources
2016-10-04 20:47:32,415 [Worker-38] INFO  o.e.m.c.i.embedder.EclipseLogger - Using 'UTF-8' encoding to copy filtered resources.
2016-10-04 20:47:32,415 [Worker-38] INFO  o.e.m.c.i.embedder.EclipseLogger - skip non existing resourceDirectory /Users/sriram/Documents/Selenium_repo/Selenium/Selenium.Framework/src/main/resources
2016-10-04 20:47:32,415 [Worker-38] INFO  o.e.m.c.i.embedder.EclipseLogger - Using 'UTF-8' encoding to copy filtered resources.
2016-10-04 20:47:32,415 [Worker-38] INFO  o.e.m.c.i.embedder.EclipseLogger - skip non existing resourceDirectory /Users/sriram/Documents/Selenium_repo/Selenium/Selenium.Framework/src/test/resources
2016-10-04 21:32:47,488 [Worker-52] INFO  o.e.m.c.i.embedder.EclipseLogger - Using 'UTF-8' encoding to copy filtered resources.
2016-10-04 21:32:47,489 [Worker-52] INFO  o.e.m.c.i.embedder.EclipseLogger - skip non existing resourceDirectory /Users/sriram/Documents/Selenium_repo/Selenium/Selenium.Framework/src/main/resources
2016-10-04 21:32:47,490 [Worker-52] INFO  o.e.m.c.i.embedder.EclipseLogger - Using 'UTF-8' encoding to copy filtered resources.
2016-10-04 21:32:47,490 [Worker-52] INFO  o.e.m.c.i.embedder.EclipseLogger - skip non existing resourceDirectory /Users/sriram/Documents/Selenium_repo/Selenium/Selenium.Framework/src/test/resources
2016-10-04 21:33:38,589 [Worker-51] INFO  o.e.m.c.i.embedder.EclipseLogger - Using 'UTF-8' encoding to copy filtered resources.
2016-10-04 21:33:38,589 [Worker-51] INFO  o.e.m.c.i.embedder.EclipseLogger - skip non existing resourceDirectory /Users/sriram/Documents/Selenium_repo/Selenium/Selenium.Framework/src/main/resources
2016-10-04 21:33:38,590 [Worker-51] INFO  o.e.m.c.i.embedder.EclipseLogger - Using 'UTF-8' encoding to copy filtered resources.
2016-10-04 21:33:38,590 [Worker-51] INFO  o.e.m.c.i.embedder.EclipseLogger - skip non existing resourceDirectory /Users/sriram/Documents/Selenium_repo/Selenium/Selenium.Framework/src/test/resources
2016-10-04 21:33:48,373 [Worker-50] INFO  o.e.m.c.i.embedder.EclipseLogger - Using 'UTF-8' encoding to copy filtered resources.
2016-10-04 21:33:48,373 [Worker-50] INFO  o.e.m.c.i.embedder.EclipseLogger - skip non existing resourceDirectory /Users/sriram/Documents/Selenium_repo/Selenium/Selenium.Framework/src/main/resources
2016-10-04 21:33:48,374 [Worker-50] INFO  o.e.m.c.i.embedder.EclipseLogger - Using 'UTF-8' encoding to copy filtered resources.
2016-10-04 21:33:48,374 [Worker-50] INFO  o.e.m.c.i.embedder.EclipseLogger - skip non existing resourceDirectory /Users/sriram/Documents/Selenium_repo/Selenium/Selenium.Framework/src/test/resources
2016-10-04 21:34:07,720 [Worker-50] INFO  o.e.m.c.i.embedder.EclipseLogger - Using 'UTF-8' encoding to copy filtered resources.
2016-10-04 21:34:07,720 [Worker-50] INFO  o.e.m.c.i.embedder.EclipseLogger - skip non existing resourceDirectory /Users/sriram/Documents/Selenium_repo/Selenium/Selenium.Framework/src/main/resources
2016-10-04 21:34:07,721 [Worker-50] INFO  o.e.m.c.i.embedder.EclipseLogger - Using 'UTF-8' encoding to copy filtered resources.
2016-10-04 21:34:07,721 [Worker-50] INFO  o.e.m.c.i.embedder.EclipseLogger - skip non existing resourceDirectory /Users/sriram/Documents/Selenium_repo/Selenium/Selenium.Framework/src/test/resources
2016-10-04 21:34:08,731 [Worker-50] INFO  o.e.m.c.i.embedder.EclipseLogger - Using 'UTF-8' encoding to copy filtered resources.
2016-10-04 21:34:08,731 [Worker-50] INFO  o.e.m.c.i.embedder.EclipseLogger - skip non existing resourceDirectory /Users/sriram/Documents/Selenium_repo/Selenium/Selenium.Framework/src/main/resources
2016-10-04 21:34:08,731 [Worker-50] INFO  o.e.m.c.i.embedder.EclipseLogger - Using 'UTF-8' encoding to copy filtered resources.
2016-10-04 21:34:08,731 [Worker-50] INFO  o.e.m.c.i.embedder.EclipseLogger - skip non existing resourceDirectory /Users/sriram/Documents/Selenium_repo/Selenium/Selenium.Framework/src/test/resources
2016-10-04 21:34:36,713 [Worker-53] INFO  o.e.m.c.i.embedder.EclipseLogger - Using 'UTF-8' encoding to copy filtered resources.
2016-10-04 21:34:36,713 [Worker-53] INFO  o.e.m.c.i.embedder.EclipseLogger - skip non existing resourceDirectory /Users/sriram/Documents/Selenium_repo/Selenium/Selenium.Framework/src/main/resources
2016-10-04 21:34:36,714 [Worker-53] INFO  o.e.m.c.i.embedder.EclipseLogger - Using 'UTF-8' encoding to copy filtered resources.
2016-10-04 21:34:36,714 [Worker-53] INFO  o.e.m.c.i.embedder.EclipseLogger - skip non existing resourceDirectory /Users/sriram/Documents/Selenium_repo/Selenium/Selenium.Framework/src/test/resources
2016-10-04 21:34:50,842 [Worker-51] INFO  o.e.m.c.i.embedder.EclipseLogger - Using 'UTF-8' encoding to copy filtered resources.
2016-10-04 21:34:50,843 [Worker-51] INFO  o.e.m.c.i.embedder.EclipseLogger - skip non existing resourceDirectory /Users/sriram/Documents/Selenium_repo/Selenium/Selenium.Framework/src/main/resources
2016-10-04 21:34:50,843 [Worker-51] INFO  o.e.m.c.i.embedder.EclipseLogger - Using 'UTF-8' encoding to copy filtered resources.
2016-10-04 21:34:50,843 [Worker-51] INFO  o.e.m.c.i.embedder.EclipseLogger - skip non existing resourceDirectory /Users/sriram/Documents/Selenium_repo/Selenium/Selenium.Framework/src/test/resources
2016-10-04 21:35:08,712 [Worker-54] INFO  o.e.m.c.i.embedder.EclipseLogger - Using 'UTF-8' encoding to copy filtered resources.
2016-10-04 21:35:08,712 [Worker-54] INFO  o.e.m.c.i.embedder.EclipseLogger - skip non existing resourceDirectory /Users/sriram/Documents/Selenium_repo/Selenium/Selenium.Framework/src/main/resources
2016-10-04 21:35:08,713 [Worker-54] INFO  o.e.m.c.i.embedder.EclipseLogger - Using 'UTF-8' encoding to copy filtered resources.
2016-10-04 21:35:08,713 [Worker-54] INFO  o.e.m.c.i.embedder.EclipseLogger - skip non existing resourceDirectory /Users/sriram/Documents/Selenium_repo/Selenium/Selenium.Framework/src/test/resources
2016-10-04 21:36:09,364 [Worker-54] INFO  o.e.m.c.i.embedder.EclipseLogger - Using 'UTF-8' encoding to copy filtered resources.
2016-10-04 21:36:09,364 [Worker-54] INFO  o.e.m.c.i.embedder.EclipseLogger - skip non existing resourceDirectory /Users/sriram/Documents/Selenium_repo/Selenium/Selenium.Framework/src/main/resources
2016-10-04 21:36:09,364 [Worker-54] INFO  o.e.m.c.i.embedder.EclipseLogger - Using 'UTF-8' encoding to copy filtered resources.
2016-10-04 21:36:09,364 [Worker-54] INFO  o.e.m.c.i.embedder.EclipseLogger - skip non existing resourceDirectory /Users/sriram/Documents/Selenium_repo/Selenium/Selenium.Framework/src/test/resources
2016-10-04 21:36:38,657 [Worker-46] INFO  o.e.m.c.i.embedder.EclipseLogger - Using 'UTF-8' encoding to copy filtered resources.
2016-10-04 21:36:38,658 [Worker-46] INFO  o.e.m.c.i.embedder.EclipseLogger - skip non existing resourceDirectory /Users/sriram/Documents/Selenium_repo/Selenium/Selenium.Framework/src/main/resources
2016-10-04 21:36:38,658 [Worker-46] INFO  o.e.m.c.i.embedder.EclipseLogger - Using 'UTF-8' encoding to copy filtered resources.
2016-10-04 21:36:38,658 [Worker-46] INFO  o.e.m.c.i.embedder.EclipseLogger - skip non existing resourceDirectory /Users/sriram/Documents/Selenium_repo/Selenium/Selenium.Framework/src/test/resources
2016-10-04 21:37:21,161 [Worker-46] INFO  o.e.m.c.i.embedder.EclipseLogger - Using 'UTF-8' encoding to copy filtered resources.
2016-10-04 21:37:21,161 [Worker-46] INFO  o.e.m.c.i.embedder.EclipseLogger - skip non existing resourceDirectory /Users/sriram/Documents/Selenium_repo/Selenium/Selenium.Framework/src/main/resources
2016-10-04 21:37:21,161 [Worker-46] INFO  o.e.m.c.i.embedder.EclipseLogger - Using 'UTF-8' encoding to copy filtered resources.
2016-10-04 21:37:21,161 [Worker-46] INFO  o.e.m.c.i.embedder.EclipseLogger - skip non existing resourceDirectory /Users/sriram/Documents/Selenium_repo/Selenium/Selenium.Framework/src/test/resources
2016-10-04 22:01:32,147 [Worker-60] INFO  o.e.m.c.i.embedder.EclipseLogger - Using 'UTF-8' encoding to copy filtered resources.
2016-10-04 22:01:32,148 [Worker-60] INFO  o.e.m.c.i.embedder.EclipseLogger - skip non existing resourceDirectory /Users/sriram/Documents/Selenium_repo/Selenium/Selenium.Framework/src/main/resources
2016-10-04 22:01:32,148 [Worker-60] INFO  o.e.m.c.i.embedder.EclipseLogger - Using 'UTF-8' encoding to copy filtered resources.
2016-10-04 22:01:32,148 [Worker-60] INFO  o.e.m.c.i.embedder.EclipseLogger - skip non existing resourceDirectory /Users/sriram/Documents/Selenium_repo/Selenium/Selenium.Framework/src/test/resources
2016-10-04 22:01:59,790 [Worker-56] INFO  o.e.m.c.i.embedder.EclipseLogger - Using 'UTF-8' encoding to copy filtered resources.
2016-10-04 22:01:59,790 [Worker-56] INFO  o.e.m.c.i.embedder.EclipseLogger - skip non existing resourceDirectory /Users/sriram/Documents/Selenium_repo/Selenium/Selenium.Framework/src/main/resources
2016-10-04 22:01:59,791 [Worker-56] INFO  o.e.m.c.i.embedder.EclipseLogger - Using 'UTF-8' encoding to copy filtered resources.
2016-10-04 22:01:59,791 [Worker-56] INFO  o.e.m.c.i.embedder.EclipseLogger - skip non existing resourceDirectory /Users/sriram/Documents/Selenium_repo/Selenium/Selenium.Framework/src/test/resources
2016-10-04 22:13:33,491 [Worker-56] INFO  o.e.m.c.i.embedder.EclipseLogger - Using 'UTF-8' encoding to copy filtered resources.
2016-10-04 22:13:33,491 [Worker-56] INFO  o.e.m.c.i.embedder.EclipseLogger - skip non existing resourceDirectory /Users/sriram/Documents/Selenium_repo/Selenium/Selenium.Framework/src/main/resources
2016-10-04 22:13:33,492 [Worker-56] INFO  o.e.m.c.i.embedder.EclipseLogger - Using 'UTF-8' encoding to copy filtered resources.
2016-10-04 22:13:33,492 [Worker-56] INFO  o.e.m.c.i.embedder.EclipseLogger - skip non existing resourceDirectory /Users/sriram/Documents/Selenium_repo/Selenium/Selenium.Framework/src/test/resources
2016-10-04 22:14:55,085 [Worker-62] INFO  o.e.m.c.i.embedder.EclipseLogger - Using 'UTF-8' encoding to copy filtered resources.
2016-10-04 22:14:55,086 [Worker-62] INFO  o.e.m.c.i.embedder.EclipseLogger - skip non existing resourceDirectory /Users/sriram/Documents/Selenium_repo/Selenium/Selenium.Framework/src/main/resources
2016-10-04 22:14:55,086 [Worker-62] INFO  o.e.m.c.i.embedder.EclipseLogger - Using 'UTF-8' encoding to copy filtered resources.
2016-10-04 22:14:55,086 [Worker-62] INFO  o.e.m.c.i.embedder.EclipseLogger - skip non existing resourceDirectory /Users/sriram/Documents/Selenium_repo/Selenium/Selenium.Framework/src/test/resources
2016-10-04 22:18:56,101 [Worker-68] INFO  o.e.m.c.i.embedder.EclipseLogger - Using 'UTF-8' encoding to copy filtered resources.
2016-10-04 22:18:56,102 [Worker-68] INFO  o.e.m.c.i.embedder.EclipseLogger - skip non existing resourceDirectory /Users/sriram/Documents/Selenium_repo/Selenium/Selenium.Framework/src/main/resources
2016-10-04 22:18:56,102 [Worker-68] INFO  o.e.m.c.i.embedder.EclipseLogger - Using 'UTF-8' encoding to copy filtered resources.
2016-10-04 22:18:56,111 [Worker-68] INFO  o.e.m.c.i.embedder.EclipseLogger - Copying 0 resource
2016-10-04 22:19:24,734 [Worker-69] INFO  o.e.m.c.i.embedder.EclipseLogger - Using 'UTF-8' encoding to copy filtered resources.
2016-10-04 22:19:24,734 [Worker-69] INFO  o.e.m.c.i.embedder.EclipseLogger - skip non existing resourceDirectory /Users/sriram/Documents/Selenium_repo/Selenium/Selenium.Framework/src/main/resources
2016-10-04 22:19:24,734 [Worker-69] INFO  o.e.m.c.i.embedder.EclipseLogger - Using 'UTF-8' encoding to copy filtered resources.
2016-10-04 22:19:24,735 [Worker-69] INFO  o.e.m.c.i.embedder.EclipseLogger - Copying 1 resource
2016-10-04 22:20:40,922 [Worker-68] INFO  o.e.m.c.i.embedder.EclipseLogger - Using 'UTF-8' encoding to copy filtered resources.
2016-10-04 22:20:40,923 [Worker-68] INFO  o.e.m.c.i.embedder.EclipseLogger - skip non existing resourceDirectory /Users/sriram/Documents/Selenium_repo/Selenium/Selenium.Framework/src/main/resources
2016-10-04 22:20:40,923 [Worker-68] INFO  o.e.m.c.i.embedder.EclipseLogger - Using 'UTF-8' encoding to copy filtered resources.
2016-10-04 22:20:40,923 [Worker-68] INFO  o.e.m.c.i.embedder.EclipseLogger - Copying 1 resource
2016-10-04 22:22:33,717 [Worker-69] INFO  o.e.m.c.i.embedder.EclipseLogger - Using 'UTF-8' encoding to copy filtered resources.
2016-10-04 22:22:33,717 [Worker-69] INFO  o.e.m.c.i.embedder.EclipseLogger - skip non existing resourceDirectory /Users/sriram/Documents/Selenium_repo/Selenium/Selenium.Framework/src/main/resources
2016-10-04 22:22:33,718 [Worker-69] INFO  o.e.m.c.i.embedder.EclipseLogger - Using 'UTF-8' encoding to copy filtered resources.
2016-10-04 22:22:33,720 [Worker-69] INFO  o.e.m.c.i.embedder.EclipseLogger - Copying 1 resource
2016-10-04 22:23:19,095 [Worker-75] INFO  o.e.m.c.i.embedder.EclipseLogger - Using 'UTF-8' encoding to copy filtered resources.
2016-10-04 22:23:19,095 [Worker-75] INFO  o.e.m.c.i.embedder.EclipseLogger - skip non existing resourceDirectory /Users/sriram/Documents/Selenium_repo/Selenium/Selenium.Framework/src/main/resources
2016-10-04 22:23:19,096 [Worker-75] INFO  o.e.m.c.i.embedder.EclipseLogger - Using 'UTF-8' encoding to copy filtered resources.
2016-10-04 22:23:19,096 [Worker-75] INFO  o.e.m.c.i.embedder.EclipseLogger - Copying 1 resource
2016-10-04 22:24:27,679 [Worker-66] INFO  o.e.m.c.i.embedder.EclipseLogger - Using 'UTF-8' encoding to copy filtered resources.
2016-10-04 22:24:27,679 [Worker-66] INFO  o.e.m.c.i.embedder.EclipseLogger - skip non existing resourceDirectory /Users/sriram/Documents/Selenium_repo/Selenium/Selenium.Framework/src/main/resources
2016-10-04 22:24:27,679 [Worker-66] INFO  o.e.m.c.i.embedder.EclipseLogger - Using 'UTF-8' encoding to copy filtered resources.
2016-10-04 22:24:27,680 [Worker-66] INFO  o.e.m.c.i.embedder.EclipseLogger - Copying 1 resource
2016-10-04 22:24:39,749 [Worker-74] INFO  o.e.m.c.i.embedder.EclipseLogger - Using 'UTF-8' encoding to copy filtered resources.
2016-10-04 22:24:39,749 [Worker-74] INFO  o.e.m.c.i.embedder.EclipseLogger - skip non existing resourceDirectory /Users/sriram/Documents/Selenium_repo/Selenium/Selenium.Framework/src/main/resources
2016-10-04 22:24:39,750 [Worker-74] INFO  o.e.m.c.i.embedder.EclipseLogger - Using 'UTF-8' encoding to copy filtered resources.
2016-10-04 22:24:39,750 [Worker-74] INFO  o.e.m.c.i.embedder.EclipseLogger - Copying 1 resource
2016-10-04 22:25:16,552 [Worker-69] INFO  o.e.m.c.i.embedder.EclipseLogger - Using 'UTF-8' encoding to copy filtered resources.
2016-10-04 22:25:16,552 [Worker-69] INFO  o.e.m.c.i.embedder.EclipseLogger - skip non existing resourceDirectory /Users/sriram/Documents/Selenium_repo/Selenium/Selenium.Framework/src/main/resources
2016-10-04 22:25:16,553 [Worker-69] INFO  o.e.m.c.i.embedder.EclipseLogger - Using 'UTF-8' encoding to copy filtered resources.
2016-10-04 22:25:16,553 [Worker-69] INFO  o.e.m.c.i.embedder.EclipseLogger - Copying 0 resource
2016-10-04 22:45:12,295 [Worker-68] INFO  o.e.m.c.i.embedder.EclipseLogger - Using 'UTF-8' encoding to copy filtered resources.
2016-10-04 22:45:12,296 [Worker-68] INFO  o.e.m.c.i.embedder.EclipseLogger - skip non existing resourceDirectory /Users/sriram/Documents/Selenium_repo/Selenium/Selenium.Framework/src/main/resources
2016-10-04 22:45:12,297 [Worker-68] INFO  o.e.m.c.i.embedder.EclipseLogger - Using 'UTF-8' encoding to copy filtered resources.
2016-10-04 22:45:12,297 [Worker-68] INFO  o.e.m.c.i.embedder.EclipseLogger - Copying 0 resource
2016-10-04 22:50:49,199 [Worker-79] INFO  o.e.m.c.i.embedder.EclipseLogger - Using 'UTF-8' encoding to copy filtered resources.
2016-10-04 22:50:49,199 [Worker-79] INFO  o.e.m.c.i.embedder.EclipseLogger - skip non existing resourceDirectory /Users/sriram/Documents/Selenium_repo/Selenium/Selenium.Framework/src/main/resources
2016-10-04 22:50:49,199 [Worker-79] INFO  o.e.m.c.i.embedder.EclipseLogger - Using 'UTF-8' encoding to copy filtered resources.
2016-10-04 22:50:49,199 [Worker-79] INFO  o.e.m.c.i.embedder.EclipseLogger - Copying 0 resource
2016-10-04 22:51:03,642 [Worker-74] INFO  o.e.m.c.i.embedder.EclipseLogger - Using 'UTF-8' encoding to copy filtered resources.
2016-10-04 22:51:03,642 [Worker-74] INFO  o.e.m.c.i.embedder.EclipseLogger - skip non existing resourceDirectory /Users/sriram/Documents/Selenium_repo/Selenium/Selenium.Framework/src/main/resources
2016-10-04 22:51:03,642 [Worker-74] INFO  o.e.m.c.i.embedder.EclipseLogger - Using 'UTF-8' encoding to copy filtered resources.
2016-10-04 22:51:03,643 [Worker-74] INFO  o.e.m.c.i.embedder.EclipseLogger - Copying 0 resource
2016-10-04 22:52:24,673 [Worker-68] INFO  o.e.m.c.i.embedder.EclipseLogger - Using 'UTF-8' encoding to copy filtered resources.
2016-10-04 22:52:24,674 [Worker-68] INFO  o.e.m.c.i.embedder.EclipseLogger - skip non existing resourceDirectory /Users/sriram/Documents/Selenium_repo/Selenium/Selenium.Framework/src/main/resources
2016-10-04 22:52:24,674 [Worker-68] INFO  o.e.m.c.i.embedder.EclipseLogger - Using 'UTF-8' encoding to copy filtered resources.
2016-10-04 22:52:24,674 [Worker-68] INFO  o.e.m.c.i.embedder.EclipseLogger - Copying 0 resource
2016-10-04 22:56:19,414 [Worker-84] INFO  o.e.m.c.i.embedder.EclipseLogger - Using 'UTF-8' encoding to copy filtered resources.
2016-10-04 22:56:19,415 [Worker-84] INFO  o.e.m.c.i.embedder.EclipseLogger - skip non existing resourceDirectory /Users/sriram/Documents/Selenium_repo/Selenium/Selenium.Framework/src/main/resources
2016-10-04 22:56:19,415 [Worker-84] INFO  o.e.m.c.i.embedder.EclipseLogger - Using 'UTF-8' encoding to copy filtered resources.
2016-10-04 22:56:19,415 [Worker-84] INFO  o.e.m.c.i.embedder.EclipseLogger - Copying 0 resource
2016-10-04 22:56:58,709 [Worker-85] INFO  o.e.m.c.i.embedder.EclipseLogger - Using 'UTF-8' encoding to copy filtered resources.
2016-10-04 22:56:58,709 [Worker-85] INFO  o.e.m.c.i.embedder.EclipseLogger - skip non existing resourceDirectory /Users/sriram/Documents/Selenium_repo/Selenium/Selenium.Framework/src/main/resources
2016-10-04 22:56:58,709 [Worker-85] INFO  o.e.m.c.i.embedder.EclipseLogger - Using 'UTF-8' encoding to copy filtered resources.
2016-10-04 22:56:58,710 [Worker-85] INFO  o.e.m.c.i.embedder.EclipseLogger - Copying 0 resource
2016-10-04 22:57:16,324 [Worker-80] INFO  o.e.m.c.i.embedder.EclipseLogger - Using 'UTF-8' encoding to copy filtered resources.
2016-10-04 22:57:16,324 [Worker-80] INFO  o.e.m.c.i.embedder.EclipseLogger - skip non existing resourceDirectory /Users/sriram/Documents/Selenium_repo/Selenium/Selenium.Framework/src/main/resources
2016-10-04 22:57:16,324 [Worker-80] INFO  o.e.m.c.i.embedder.EclipseLogger - Using 'UTF-8' encoding to copy filtered resources.
2016-10-04 22:57:16,324 [Worker-80] INFO  o.e.m.c.i.embedder.EclipseLogger - Copying 0 resource
2016-10-04 22:57:25,248 [Worker-84] INFO  o.e.m.c.i.embedder.EclipseLogger - Using 'UTF-8' encoding to copy filtered resources.
2016-10-04 22:57:25,248 [Worker-84] INFO  o.e.m.c.i.embedder.EclipseLogger - skip non existing resourceDirectory /Users/sriram/Documents/Selenium_repo/Selenium/Selenium.Framework/src/main/resources
2016-10-04 22:57:25,249 [Worker-84] INFO  o.e.m.c.i.embedder.EclipseLogger - Using 'UTF-8' encoding to copy filtered resources.
2016-10-04 22:57:25,249 [Worker-84] INFO  o.e.m.c.i.embedder.EclipseLogger - Copying 1 resource
2016-10-04 22:57:43,071 [Worker-82] INFO  o.e.m.c.i.embedder.EclipseLogger - Using 'UTF-8' encoding to copy filtered resources.
2016-10-04 22:57:43,071 [Worker-82] INFO  o.e.m.c.i.embedder.EclipseLogger - skip non existing resourceDirectory /Users/sriram/Documents/Selenium_repo/Selenium/Selenium.Framework/src/main/resources
2016-10-04 22:57:43,071 [Worker-82] INFO  o.e.m.c.i.embedder.EclipseLogger - Using 'UTF-8' encoding to copy filtered resources.
2016-10-04 22:57:43,071 [Worker-82] INFO  o.e.m.c.i.embedder.EclipseLogger - Copying 1 resource
2016-10-04 22:58:39,460 [Worker-72] INFO  o.e.m.c.i.embedder.EclipseLogger - Using 'UTF-8' encoding to copy filtered resources.
2016-10-04 22:58:39,460 [Worker-72] INFO  o.e.m.c.i.embedder.EclipseLogger - skip non existing resourceDirectory /Users/sriram/Documents/Selenium_repo/Selenium/Selenium.Framework/src/main/resources
2016-10-04 22:58:39,461 [Worker-72] INFO  o.e.m.c.i.embedder.EclipseLogger - Using 'UTF-8' encoding to copy filtered resources.
2016-10-04 22:58:39,461 [Worker-72] INFO  o.e.m.c.i.embedder.EclipseLogger - Copying 0 resource
2016-10-04 23:00:34,768 [Worker-72] INFO  o.e.m.c.i.embedder.EclipseLogger - Using 'UTF-8' encoding to copy filtered resources.
2016-10-04 23:00:34,769 [Worker-72] INFO  o.e.m.c.i.embedder.EclipseLogger - skip non existing resourceDirectory /Users/sriram/Documents/Selenium_repo/Selenium/Selenium.Framework/src/main/resources
2016-10-04 23:00:34,769 [Worker-72] INFO  o.e.m.c.i.embedder.EclipseLogger - Using 'UTF-8' encoding to copy filtered resources.
2016-10-04 23:00:34,769 [Worker-72] INFO  o.e.m.c.i.embedder.EclipseLogger - Copying 0 resource
2016-10-04 23:01:56,404 [Worker-85] INFO  o.e.m.c.i.embedder.EclipseLogger - Using 'UTF-8' encoding to copy filtered resources.
2016-10-04 23:01:56,404 [Worker-85] INFO  o.e.m.c.i.embedder.EclipseLogger - skip non existing resourceDirectory /Users/sriram/Documents/Selenium_repo/Selenium/Selenium.Framework/src/main/resources
2016-10-04 23:01:56,404 [Worker-85] INFO  o.e.m.c.i.embedder.EclipseLogger - Using 'UTF-8' encoding to copy filtered resources.
2016-10-04 23:01:56,404 [Worker-85] INFO  o.e.m.c.i.embedder.EclipseLogger - Copying 0 resource
2016-10-04 23:02:09,978 [Worker-72] INFO  o.e.m.c.i.embedder.EclipseLogger - Using 'UTF-8' encoding to copy filtered resources.
2016-10-04 23:02:09,978 [Worker-72] INFO  o.e.m.c.i.embedder.EclipseLogger - skip non existing resourceDirectory /Users/sriram/Documents/Selenium_repo/Selenium/Selenium.Framework/src/main/resources
2016-10-04 23:02:09,978 [Worker-72] INFO  o.e.m.c.i.embedder.EclipseLogger - Using 'UTF-8' encoding to copy filtered resources.
2016-10-04 23:02:09,978 [Worker-72] INFO  o.e.m.c.i.embedder.EclipseLogger - Copying 0 resource
2016-10-04 23:04:15,071 [Worker-83] INFO  o.e.m.c.i.embedder.EclipseLogger - Using 'UTF-8' encoding to copy filtered resources.
2016-10-04 23:04:15,071 [Worker-83] INFO  o.e.m.c.i.embedder.EclipseLogger - skip non existing resourceDirectory /Users/sriram/Documents/Selenium_repo/Selenium/Selenium.Framework/src/main/resources
2016-10-04 23:04:15,071 [Worker-83] INFO  o.e.m.c.i.embedder.EclipseLogger - Using 'UTF-8' encoding to copy filtered resources.
2016-10-04 23:04:15,071 [Worker-83] INFO  o.e.m.c.i.embedder.EclipseLogger - Copying 0 resource
2016-10-04 23:04:23,162 [Worker-85] INFO  o.e.m.c.i.embedder.EclipseLogger - Using 'UTF-8' encoding to copy filtered resources.
2016-10-04 23:04:23,162 [Worker-85] INFO  o.e.m.c.i.embedder.EclipseLogger - skip non existing resourceDirectory /Users/sriram/Documents/Selenium_repo/Selenium/Selenium.Framework/src/main/resources
2016-10-04 23:04:23,162 [Worker-85] INFO  o.e.m.c.i.embedder.EclipseLogger - Using 'UTF-8' encoding to copy filtered resources.
2016-10-04 23:04:23,162 [Worker-85] INFO  o.e.m.c.i.embedder.EclipseLogger - Copying 1 resource
2016-10-04 23:04:30,995 [Worker-81] INFO  o.e.m.c.i.embedder.EclipseLogger - Using 'UTF-8' encoding to copy filtered resources.
2016-10-04 23:04:30,995 [Worker-81] INFO  o.e.m.c.i.embedder.EclipseLogger - skip non existing resourceDirectory /Users/sriram/Documents/Selenium_repo/Selenium/Selenium.Framework/src/main/resources
2016-10-04 23:04:30,997 [Worker-81] INFO  o.e.m.c.i.embedder.EclipseLogger - Using 'UTF-8' encoding to copy filtered resources.
2016-10-04 23:04:30,997 [Worker-81] INFO  o.e.m.c.i.embedder.EclipseLogger - Copying 0 resource
2016-10-04 23:32:45,472 [Worker-97] INFO  o.e.m.c.i.embedder.EclipseLogger - Using 'UTF-8' encoding to copy filtered resources.
2016-10-04 23:32:45,472 [Worker-97] INFO  o.e.m.c.i.embedder.EclipseLogger - skip non existing resourceDirectory /Users/sriram/Documents/Selenium_repo/Selenium/Selenium.Framework/src/main/resources
2016-10-04 23:32:45,473 [Worker-97] INFO  o.e.m.c.i.embedder.EclipseLogger - Using 'UTF-8' encoding to copy filtered resources.
2016-10-04 23:32:45,473 [Worker-97] INFO  o.e.m.c.i.embedder.EclipseLogger - Copying 0 resource
2016-10-05 00:17:24,568 [Worker-115] INFO  o.e.m.c.i.embedder.EclipseLogger - Using 'UTF-8' encoding to copy filtered resources.
2016-10-05 00:17:24,569 [Worker-115] INFO  o.e.m.c.i.embedder.EclipseLogger - skip non existing resourceDirectory /Users/sriram/Documents/Selenium_repo/Selenium/Selenium.Framework/src/main/resources
2016-10-05 00:17:24,569 [Worker-115] INFO  o.e.m.c.i.embedder.EclipseLogger - Using 'UTF-8' encoding to copy filtered resources.
2016-10-05 00:17:24,569 [Worker-115] INFO  o.e.m.c.i.embedder.EclipseLogger - Copying 0 resource
2016-10-05 00:18:27,152 [Worker-117] INFO  o.e.m.c.i.embedder.EclipseLogger - Using 'UTF-8' encoding to copy filtered resources.
2016-10-05 00:18:27,152 [Worker-117] INFO  o.e.m.c.i.embedder.EclipseLogger - skip non existing resourceDirectory /Users/sriram/Documents/Selenium_repo/Selenium/Selenium.Framework/src/main/resources
2016-10-05 00:18:27,152 [Worker-117] INFO  o.e.m.c.i.embedder.EclipseLogger - Using 'UTF-8' encoding to copy filtered resources.
2016-10-05 00:18:27,152 [Worker-117] INFO  o.e.m.c.i.embedder.EclipseLogger - Copying 0 resource
2016-10-05 00:21:02,277 [Worker-118] INFO  o.e.m.c.i.embedder.EclipseLogger - Using 'UTF-8' encoding to copy filtered resources.
2016-10-05 00:21:02,277 [Worker-118] INFO  o.e.m.c.i.embedder.EclipseLogger - skip non existing resourceDirectory /Users/sriram/Documents/Selenium_repo/Selenium/Selenium.Framework/src/main/resources
2016-10-05 00:21:02,278 [Worker-118] INFO  o.e.m.c.i.embedder.EclipseLogger - Using 'UTF-8' encoding to copy filtered resources.
2016-10-05 00:21:02,278 [Worker-118] INFO  o.e.m.c.i.embedder.EclipseLogger - Copying 0 resource
2016-10-05 00:21:11,713 [Worker-119] INFO  o.e.m.c.i.embedder.EclipseLogger - Using 'UTF-8' encoding to copy filtered resources.
2016-10-05 00:21:11,713 [Worker-119] INFO  o.e.m.c.i.embedder.EclipseLogger - skip non existing resourceDirectory /Users/sriram/Documents/Selenium_repo/Selenium/Selenium.Framework/src/main/resources
2016-10-05 00:21:11,713 [Worker-119] INFO  o.e.m.c.i.embedder.EclipseLogger - Using 'UTF-8' encoding to copy filtered resources.
2016-10-05 00:21:11,714 [Worker-119] INFO  o.e.m.c.i.embedder.EclipseLogger - Copying 0 resource
2016-10-05 00:28:12,267 [Worker-117] INFO  o.e.m.c.i.embedder.EclipseLogger - Using 'UTF-8' encoding to copy filtered resources.
2016-10-05 00:28:12,268 [Worker-117] INFO  o.e.m.c.i.embedder.EclipseLogger - skip non existing resourceDirectory /Users/sriram/Documents/Selenium_repo/Selenium/Selenium.Framework/src/main/resources
2016-10-05 00:28:12,268 [Worker-117] INFO  o.e.m.c.i.embedder.EclipseLogger - Using 'UTF-8' encoding to copy filtered resources.
2016-10-05 00:28:12,268 [Worker-117] INFO  o.e.m.c.i.embedder.EclipseLogger - Copying 0 resource
2016-10-05 00:28:51,308 [Worker-123] INFO  o.e.m.c.i.embedder.EclipseLogger - Using 'UTF-8' encoding to copy filtered resources.
2016-10-05 00:28:51,309 [Worker-123] INFO  o.e.m.c.i.embedder.EclipseLogger - skip non existing resourceDirectory /Users/sriram/Documents/Selenium_repo/Selenium/Selenium.Framework/src/main/resources
2016-10-05 00:28:51,309 [Worker-123] INFO  o.e.m.c.i.embedder.EclipseLogger - Using 'UTF-8' encoding to copy filtered resources.
2016-10-05 00:28:51,309 [Worker-123] INFO  o.e.m.c.i.embedder.EclipseLogger - Copying 0 resource
2016-10-05 00:29:00,401 [Worker-123] INFO  o.e.m.c.i.embedder.EclipseLogger - Using 'UTF-8' encoding to copy filtered resources.
2016-10-05 00:29:00,401 [Worker-123] INFO  o.e.m.c.i.embedder.EclipseLogger - skip non existing resourceDirectory /Users/sriram/Documents/Selenium_repo/Selenium/Selenium.Framework/src/main/resources
2016-10-05 00:29:00,402 [Worker-123] INFO  o.e.m.c.i.embedder.EclipseLogger - Using 'UTF-8' encoding to copy filtered resources.
2016-10-05 00:29:00,402 [Worker-123] INFO  o.e.m.c.i.embedder.EclipseLogger - Copying 0 resource
2016-10-05 00:30:36,086 [Worker-124] INFO  o.e.m.c.i.embedder.EclipseLogger - Using 'UTF-8' encoding to copy filtered resources.
2016-10-05 00:30:36,086 [Worker-124] INFO  o.e.m.c.i.embedder.EclipseLogger - skip non existing resourceDirectory /Users/sriram/Documents/Selenium_repo/Selenium/Selenium.Framework/src/main/resources
2016-10-05 00:30:36,087 [Worker-124] INFO  o.e.m.c.i.embedder.EclipseLogger - Using 'UTF-8' encoding to copy filtered resources.
2016-10-05 00:30:36,087 [Worker-124] INFO  o.e.m.c.i.embedder.EclipseLogger - Copying 0 resource
2016-10-05 00:31:14,335 [Worker-123] INFO  o.e.m.c.i.embedder.EclipseLogger - Using 'UTF-8' encoding to copy filtered resources.
2016-10-05 00:31:14,335 [Worker-123] INFO  o.e.m.c.i.embedder.EclipseLogger - skip non existing resourceDirectory /Users/sriram/Documents/Selenium_repo/Selenium/Selenium.Framework/src/main/resources
2016-10-05 00:31:14,336 [Worker-123] INFO  o.e.m.c.i.embedder.EclipseLogger - Using 'UTF-8' encoding to copy filtered resources.
2016-10-05 00:31:14,336 [Worker-123] INFO  o.e.m.c.i.embedder.EclipseLogger - Copying 0 resource
2016-10-05 00:31:36,620 [Worker-121] INFO  o.e.m.c.i.embedder.EclipseLogger - Using 'UTF-8' encoding to copy filtered resources.
2016-10-05 00:31:36,620 [Worker-121] INFO  o.e.m.c.i.embedder.EclipseLogger - skip non existing resourceDirectory /Users/sriram/Documents/Selenium_repo/Selenium/Selenium.Framework/src/main/resources
2016-10-05 00:31:36,620 [Worker-121] INFO  o.e.m.c.i.embedder.EclipseLogger - Using 'UTF-8' encoding to copy filtered resources.
2016-10-05 00:31:36,620 [Worker-121] INFO  o.e.m.c.i.embedder.EclipseLogger - Copying 0 resource
2016-10-05 00:31:46,410 [Worker-119] INFO  o.e.m.c.i.embedder.EclipseLogger - Using 'UTF-8' encoding to copy filtered resources.
2016-10-05 00:31:46,410 [Worker-119] INFO  o.e.m.c.i.embedder.EclipseLogger - skip non existing resourceDirectory /Users/sriram/Documents/Selenium_repo/Selenium/Selenium.Framework/src/main/resources
2016-10-05 00:31:46,411 [Worker-119] INFO  o.e.m.c.i.embedder.EclipseLogger - Using 'UTF-8' encoding to copy filtered resources.
2016-10-05 00:31:46,411 [Worker-119] INFO  o.e.m.c.i.embedder.EclipseLogger - Copying 0 resource
2016-10-05 00:33:04,039 [Worker-119] INFO  o.e.m.c.i.embedder.EclipseLogger - Using 'UTF-8' encoding to copy filtered resources.
2016-10-05 00:33:04,039 [Worker-119] INFO  o.e.m.c.i.embedder.EclipseLogger - skip non existing resourceDirectory /Users/sriram/Documents/Selenium_repo/Selenium/Selenium.Framework/src/main/resources
2016-10-05 00:33:04,039 [Worker-119] INFO  o.e.m.c.i.embedder.EclipseLogger - Using 'UTF-8' encoding to copy filtered resources.
2016-10-05 00:33:04,039 [Worker-119] INFO  o.e.m.c.i.embedder.EclipseLogger - Copying 0 resource
2016-10-05 00:34:02,635 [Worker-119] INFO  o.e.m.c.i.embedder.EclipseLogger - Using 'UTF-8' encoding to copy filtered resources.
2016-10-05 00:34:02,635 [Worker-119] INFO  o.e.m.c.i.embedder.EclipseLogger - skip non existing resourceDirectory /Users/sriram/Documents/Selenium_repo/Selenium/Selenium.Framework/src/main/resources
2016-10-05 00:34:02,636 [Worker-119] INFO  o.e.m.c.i.embedder.EclipseLogger - Using 'UTF-8' encoding to copy filtered resources.
2016-10-05 00:34:02,636 [Worker-119] INFO  o.e.m.c.i.embedder.EclipseLogger - Copying 0 resource
2016-10-05 23:14:54,628 [Worker-181] INFO  o.e.m.c.i.embedder.EclipseLogger - Using 'UTF-8' encoding to copy filtered resources.
2016-10-05 23:14:54,629 [Worker-181] INFO  o.e.m.c.i.embedder.EclipseLogger - skip non existing resourceDirectory /Users/sriram/Documents/Selenium_repo/Selenium/Selenium.Framework/src/main/resources
2016-10-05 23:14:54,630 [Worker-181] INFO  o.e.m.c.i.embedder.EclipseLogger - Using 'UTF-8' encoding to copy filtered resources.
2016-10-05 23:14:54,631 [Worker-181] INFO  o.e.m.c.i.embedder.EclipseLogger - Copying 0 resource
2016-10-05 23:59:57,768 [Worker-193] INFO  o.e.m.c.i.embedder.EclipseLogger - Using 'UTF-8' encoding to copy filtered resources.
2016-10-05 23:59:57,768 [Worker-193] INFO  o.e.m.c.i.embedder.EclipseLogger - skip non existing resourceDirectory /Users/sriram/Documents/Selenium_repo/Selenium/Selenium.Framework/src/main/resources
2016-10-05 23:59:57,768 [Worker-193] INFO  o.e.m.c.i.embedder.EclipseLogger - Using 'UTF-8' encoding to copy filtered resources.
2016-10-05 23:59:57,768 [Worker-193] INFO  o.e.m.c.i.embedder.EclipseLogger - Copying 0 resource
2016-10-06 00:00:35,369 [Worker-199] INFO  o.e.m.c.i.embedder.EclipseLogger - Using 'UTF-8' encoding to copy filtered resources.
2016-10-06 00:00:35,370 [Worker-199] INFO  o.e.m.c.i.embedder.EclipseLogger - skip non existing resourceDirectory /Users/sriram/Documents/Selenium_repo/Selenium/Selenium.Framework/src/main/resources
2016-10-06 00:00:35,370 [Worker-199] INFO  o.e.m.c.i.embedder.EclipseLogger - Using 'UTF-8' encoding to copy filtered resources.
2016-10-06 00:00:35,371 [Worker-199] INFO  o.e.m.c.i.embedder.EclipseLogger - Copying 0 resource
2016-10-06 00:17:50,557 [Worker-206] INFO  o.e.m.c.i.embedder.EclipseLogger - Using 'UTF-8' encoding to copy filtered resources.
2016-10-06 00:17:50,557 [Worker-206] INFO  o.e.m.c.i.embedder.EclipseLogger - skip non existing resourceDirectory /Users/sriram/Documents/Selenium_repo/Selenium/Selenium.Framework/src/main/resources
2016-10-06 00:17:50,557 [Worker-206] INFO  o.e.m.c.i.embedder.EclipseLogger - Using 'UTF-8' encoding to copy filtered resources.
2016-10-06 00:17:50,557 [Worker-206] INFO  o.e.m.c.i.embedder.EclipseLogger - Copying 0 resource
2016-10-06 00:19:22,865 [Worker-203] INFO  o.e.m.c.i.embedder.EclipseLogger - Using 'UTF-8' encoding to copy filtered resources.
2016-10-06 00:19:22,865 [Worker-203] INFO  o.e.m.c.i.embedder.EclipseLogger - skip non existing resourceDirectory /Users/sriram/Documents/Selenium_repo/Selenium/Selenium.Framework/src/main/resources
2016-10-06 00:19:22,865 [Worker-203] INFO  o.e.m.c.i.embedder.EclipseLogger - Using 'UTF-8' encoding to copy filtered resources.
2016-10-06 00:19:22,865 [Worker-203] INFO  o.e.m.c.i.embedder.EclipseLogger - Copying 0 resource
2016-10-06 00:20:08,436 [Worker-203] INFO  o.e.m.c.i.embedder.EclipseLogger - Using 'UTF-8' encoding to copy filtered resources.
2016-10-06 00:20:08,436 [Worker-203] INFO  o.e.m.c.i.embedder.EclipseLogger - skip non existing resourceDirectory /Users/sriram/Documents/Selenium_repo/Selenium/Selenium.Framework/src/main/resources
2016-10-06 00:20:08,436 [Worker-203] INFO  o.e.m.c.i.embedder.EclipseLogger - Using 'UTF-8' encoding to copy filtered resources.
2016-10-06 00:20:08,436 [Worker-203] INFO  o.e.m.c.i.embedder.EclipseLogger - Copying 0 resource
2016-10-06 00:20:19,782 [Worker-208] INFO  o.e.m.c.i.embedder.EclipseLogger - Using 'UTF-8' encoding to copy filtered resources.
2016-10-06 00:20:19,783 [Worker-208] INFO  o.e.m.c.i.embedder.EclipseLogger - skip non existing resourceDirectory /Users/sriram/Documents/Selenium_repo/Selenium/Selenium.Framework/src/main/resources
2016-10-06 00:20:19,783 [Worker-208] INFO  o.e.m.c.i.embedder.EclipseLogger - Using 'UTF-8' encoding to copy filtered resources.
2016-10-06 00:20:19,783 [Worker-208] INFO  o.e.m.c.i.embedder.EclipseLogger - Copying 0 resource
2016-10-06 00:20:49,086 [Worker-189] INFO  o.e.m.c.i.embedder.EclipseLogger - Using 'UTF-8' encoding to copy filtered resources.
2016-10-06 00:20:49,086 [Worker-189] INFO  o.e.m.c.i.embedder.EclipseLogger - skip non existing resourceDirectory /Users/sriram/Documents/Selenium_repo/Selenium/Selenium.Framework/src/main/resources
2016-10-06 00:20:49,087 [Worker-189] INFO  o.e.m.c.i.embedder.EclipseLogger - Using 'UTF-8' encoding to copy filtered resources.
2016-10-06 00:20:49,087 [Worker-189] INFO  o.e.m.c.i.embedder.EclipseLogger - Copying 0 resource
2016-10-06 00:20:55,047 [Worker-206] INFO  o.e.m.c.i.embedder.EclipseLogger - Using 'UTF-8' encoding to copy filtered resources.
2016-10-06 00:20:55,047 [Worker-206] INFO  o.e.m.c.i.embedder.EclipseLogger - skip non existing resourceDirectory /Users/sriram/Documents/Selenium_repo/Selenium/Selenium.Framework/src/main/resources
2016-10-06 00:20:55,047 [Worker-206] INFO  o.e.m.c.i.embedder.EclipseLogger - Using 'UTF-8' encoding to copy filtered resources.
2016-10-06 00:20:55,048 [Worker-206] INFO  o.e.m.c.i.embedder.EclipseLogger - Copying 1 resource
2016-10-06 00:21:13,207 [Worker-189] INFO  o.e.m.c.i.embedder.EclipseLogger - Using 'UTF-8' encoding to copy filtered resources.
2016-10-06 00:21:13,207 [Worker-189] INFO  o.e.m.c.i.embedder.EclipseLogger - skip non existing resourceDirectory /Users/sriram/Documents/Selenium_repo/Selenium/Selenium.Framework/src/main/resources
2016-10-06 00:21:13,207 [Worker-189] INFO  o.e.m.c.i.embedder.EclipseLogger - Using 'UTF-8' encoding to copy filtered resources.
2016-10-06 00:21:13,208 [Worker-189] INFO  o.e.m.c.i.embedder.EclipseLogger - Copying 0 resource
2016-10-06 00:22:11,463 [Worker-208] INFO  o.e.m.c.i.embedder.EclipseLogger - Using 'UTF-8' encoding to copy filtered resources.
2016-10-06 00:22:11,463 [Worker-208] INFO  o.e.m.c.i.embedder.EclipseLogger - skip non existing resourceDirectory /Users/sriram/Documents/Selenium_repo/Selenium/Selenium.Framework/src/main/resources
2016-10-06 00:22:11,464 [Worker-208] INFO  o.e.m.c.i.embedder.EclipseLogger - Using 'UTF-8' encoding to copy filtered resources.
2016-10-06 00:22:11,464 [Worker-208] INFO  o.e.m.c.i.embedder.EclipseLogger - Copying 0 resource
2016-10-06 00:28:02,100 [Worker-211] INFO  o.e.m.c.i.embedder.EclipseLogger - Using 'UTF-8' encoding to copy filtered resources.
2016-10-06 00:28:02,100 [Worker-211] INFO  o.e.m.c.i.embedder.EclipseLogger - skip non existing resourceDirectory /Users/sriram/Documents/Selenium_repo/Selenium/Selenium.Framework/src/main/resources
2016-10-06 00:28:02,100 [Worker-211] INFO  o.e.m.c.i.embedder.EclipseLogger - Using 'UTF-8' encoding to copy filtered resources.
2016-10-06 00:28:02,101 [Worker-211] INFO  o.e.m.c.i.embedder.EclipseLogger - Copying 0 resource
2016-10-06 00:28:07,495 [Worker-203] INFO  o.e.m.c.i.embedder.EclipseLogger - Using 'UTF-8' encoding to copy filtered resources.
2016-10-06 00:28:07,496 [Worker-203] INFO  o.e.m.c.i.embedder.EclipseLogger - skip non existing resourceDirectory /Users/sriram/Documents/Selenium_repo/Selenium/Selenium.Framework/src/main/resources
2016-10-06 00:28:07,496 [Worker-203] INFO  o.e.m.c.i.embedder.EclipseLogger - Using 'UTF-8' encoding to copy filtered resources.
2016-10-06 00:28:07,496 [Worker-203] INFO  o.e.m.c.i.embedder.EclipseLogger - Copying 0 resource
2016-10-06 00:29:41,175 [Worker-213] INFO  o.e.m.c.i.embedder.EclipseLogger - Using 'UTF-8' encoding to copy filtered resources.
2016-10-06 00:29:41,175 [Worker-213] INFO  o.e.m.c.i.embedder.EclipseLogger - skip non existing resourceDirectory /Users/sriram/Documents/Selenium_repo/Selenium/Selenium.Framework/src/main/resources
2016-10-06 00:29:41,175 [Worker-213] INFO  o.e.m.c.i.embedder.EclipseLogger - Using 'UTF-8' encoding to copy filtered resources.
2016-10-06 00:29:41,175 [Worker-213] INFO  o.e.m.c.i.embedder.EclipseLogger - Copying 1 resource
2016-10-06 00:30:06,026 [Worker-212] INFO  o.e.m.c.i.embedder.EclipseLogger - Using 'UTF-8' encoding to copy filtered resources.
2016-10-06 00:30:06,026 [Worker-212] INFO  o.e.m.c.i.embedder.EclipseLogger - skip non existing resourceDirectory /Users/sriram/Documents/Selenium_repo/Selenium/Selenium.Framework/src/main/resources
2016-10-06 00:30:06,026 [Worker-212] INFO  o.e.m.c.i.embedder.EclipseLogger - Using 'UTF-8' encoding to copy filtered resources.
2016-10-06 00:30:06,027 [Worker-212] INFO  o.e.m.c.i.embedder.EclipseLogger - Copying 0 resource
2016-10-06 00:30:57,396 [Worker-212] INFO  o.e.m.c.i.embedder.EclipseLogger - Using 'UTF-8' encoding to copy filtered resources.
2016-10-06 00:30:57,396 [Worker-212] INFO  o.e.m.c.i.embedder.EclipseLogger - skip non existing resourceDirectory /Users/sriram/Documents/Selenium_repo/Selenium/Selenium.Framework/src/main/resources
2016-10-06 00:30:57,397 [Worker-212] INFO  o.e.m.c.i.embedder.EclipseLogger - Using 'UTF-8' encoding to copy filtered resources.
2016-10-06 00:30:57,397 [Worker-212] INFO  o.e.m.c.i.embedder.EclipseLogger - Copying 0 resource
2016-10-06 00:31:55,217 [Worker-203] INFO  o.e.m.c.i.embedder.EclipseLogger - Using 'UTF-8' encoding to copy filtered resources.
2016-10-06 00:31:55,217 [Worker-203] INFO  o.e.m.c.i.embedder.EclipseLogger - skip non existing resourceDirectory /Users/sriram/Documents/Selenium_repo/Selenium/Selenium.Framework/src/main/resources
2016-10-06 00:31:55,218 [Worker-203] INFO  o.e.m.c.i.embedder.EclipseLogger - Using 'UTF-8' encoding to copy filtered resources.
2016-10-06 00:31:55,218 [Worker-203] INFO  o.e.m.c.i.embedder.EclipseLogger - Copying 0 resource
2016-10-06 00:32:43,939 [Worker-215] INFO  o.e.m.c.i.embedder.EclipseLogger - Using 'UTF-8' encoding to copy filtered resources.
2016-10-06 00:32:43,940 [Worker-215] INFO  o.e.m.c.i.embedder.EclipseLogger - skip non existing resourceDirectory /Users/sriram/Documents/Selenium_repo/Selenium/Selenium.Framework/src/main/resources
2016-10-06 00:32:43,940 [Worker-215] INFO  o.e.m.c.i.embedder.EclipseLogger - Using 'UTF-8' encoding to copy filtered resources.
2016-10-06 00:32:43,940 [Worker-215] INFO  o.e.m.c.i.embedder.EclipseLogger - Copying 0 resource
2016-10-06 00:33:11,472 [Worker-212] INFO  o.e.m.c.i.embedder.EclipseLogger - Using 'UTF-8' encoding to copy filtered resources.
2016-10-06 00:33:11,472 [Worker-212] INFO  o.e.m.c.i.embedder.EclipseLogger - skip non existing resourceDirectory /Users/sriram/Documents/Selenium_repo/Selenium/Selenium.Framework/src/main/resources
2016-10-06 00:33:11,472 [Worker-212] INFO  o.e.m.c.i.embedder.EclipseLogger - Using 'UTF-8' encoding to copy filtered resources.
2016-10-06 00:33:11,472 [Worker-212] INFO  o.e.m.c.i.embedder.EclipseLogger - Copying 0 resource
2016-10-06 00:33:44,077 [Worker-214] INFO  o.e.m.c.i.embedder.EclipseLogger - Using 'UTF-8' encoding to copy filtered resources.
2016-10-06 00:33:44,077 [Worker-214] INFO  o.e.m.c.i.embedder.EclipseLogger - skip non existing resourceDirectory /Users/sriram/Documents/Selenium_repo/Selenium/Selenium.Framework/src/main/resources
2016-10-06 00:33:44,078 [Worker-214] INFO  o.e.m.c.i.embedder.EclipseLogger - Using 'UTF-8' encoding to copy filtered resources.
2016-10-06 00:33:44,078 [Worker-214] INFO  o.e.m.c.i.embedder.EclipseLogger - Copying 0 resource
2016-10-06 00:33:57,009 [Worker-213] INFO  o.e.m.c.i.embedder.EclipseLogger - Using 'UTF-8' encoding to copy filtered resources.
2016-10-06 00:33:57,009 [Worker-213] INFO  o.e.m.c.i.embedder.EclipseLogger - skip non existing resourceDirectory /Users/sriram/Documents/Selenium_repo/Selenium/Selenium.Framework/src/main/resources
2016-10-06 00:33:57,010 [Worker-213] INFO  o.e.m.c.i.embedder.EclipseLogger - Using 'UTF-8' encoding to copy filtered resources.
2016-10-06 00:33:57,010 [Worker-213] INFO  o.e.m.c.i.embedder.EclipseLogger - Copying 0 resource
2016-10-06 00:35:25,661 [Worker-212] INFO  o.e.m.c.i.embedder.EclipseLogger - Using 'UTF-8' encoding to copy filtered resources.
2016-10-06 00:35:25,661 [Worker-212] INFO  o.e.m.c.i.embedder.EclipseLogger - skip non existing resourceDirectory /Users/sriram/Documents/Selenium_repo/Selenium/Selenium.Framework/src/main/resources
2016-10-06 00:35:25,662 [Worker-212] INFO  o.e.m.c.i.embedder.EclipseLogger - Using 'UTF-8' encoding to copy filtered resources.
2016-10-06 00:35:25,662 [Worker-212] INFO  o.e.m.c.i.embedder.EclipseLogger - Copying 0 resource
2016-10-06 00:40:45,237 [Worker-213] INFO  o.e.m.c.i.embedder.EclipseLogger - Using 'UTF-8' encoding to copy filtered resources.
2016-10-06 00:40:45,237 [Worker-213] INFO  o.e.m.c.i.embedder.EclipseLogger - skip non existing resourceDirectory /Users/sriram/Documents/Selenium_repo/Selenium/Selenium.Framework/src/main/resources
2016-10-06 00:40:45,238 [Worker-213] INFO  o.e.m.c.i.embedder.EclipseLogger - Using 'UTF-8' encoding to copy filtered resources.
2016-10-06 00:40:45,238 [Worker-213] INFO  o.e.m.c.i.embedder.EclipseLogger - Copying 0 resource
2016-10-06 00:41:13,299 [Worker-218] INFO  o.e.m.c.i.embedder.EclipseLogger - Using 'UTF-8' encoding to copy filtered resources.
2016-10-06 00:41:13,299 [Worker-218] INFO  o.e.m.c.i.embedder.EclipseLogger - skip non existing resourceDirectory /Users/sriram/Documents/Selenium_repo/Selenium/Selenium.Framework/src/main/resources
2016-10-06 00:41:13,300 [Worker-218] INFO  o.e.m.c.i.embedder.EclipseLogger - Using 'UTF-8' encoding to copy filtered resources.
2016-10-06 00:41:13,300 [Worker-218] INFO  o.e.m.c.i.embedder.EclipseLogger - Copying 0 resource
2016-10-06 00:42:26,095 [Worker-218] INFO  o.e.m.c.i.embedder.EclipseLogger - Using 'UTF-8' encoding to copy filtered resources.
2016-10-06 00:42:26,095 [Worker-218] INFO  o.e.m.c.i.embedder.EclipseLogger - skip non existing resourceDirectory /Users/sriram/Documents/Selenium_repo/Selenium/Selenium.Framework/src/main/resources
2016-10-06 00:42:26,095 [Worker-218] INFO  o.e.m.c.i.embedder.EclipseLogger - Using 'UTF-8' encoding to copy filtered resources.
2016-10-06 00:42:26,095 [Worker-218] INFO  o.e.m.c.i.embedder.EclipseLogger - Copying 0 resource
2016-10-06 00:45:21,666 [Worker-207] INFO  o.e.m.c.i.embedder.EclipseLogger - Using 'UTF-8' encoding to copy filtered resources.
2016-10-06 00:45:21,666 [Worker-207] INFO  o.e.m.c.i.embedder.EclipseLogger - skip non existing resourceDirectory /Users/sriram/Documents/Selenium_repo/Selenium/Selenium.Framework/src/main/resources
2016-10-06 00:45:21,666 [Worker-207] INFO  o.e.m.c.i.embedder.EclipseLogger - Using 'UTF-8' encoding to copy filtered resources.
2016-10-06 00:45:21,666 [Worker-207] INFO  o.e.m.c.i.embedder.EclipseLogger - Copying 0 resource
2016-10-06 00:47:07,194 [Worker-213] INFO  o.e.m.c.i.embedder.EclipseLogger - Using 'UTF-8' encoding to copy filtered resources.
2016-10-06 00:47:07,194 [Worker-213] INFO  o.e.m.c.i.embedder.EclipseLogger - skip non existing resourceDirectory /Users/sriram/Documents/Selenium_repo/Selenium/Selenium.Framework/src/main/resources
2016-10-06 00:47:07,195 [Worker-213] INFO  o.e.m.c.i.embedder.EclipseLogger - Using 'UTF-8' encoding to copy filtered resources.
2016-10-06 00:47:07,195 [Worker-213] INFO  o.e.m.c.i.embedder.EclipseLogger - Copying 1 resource
2016-10-06 00:48:06,236 [Worker-213] INFO  o.e.m.c.i.embedder.EclipseLogger - Using 'UTF-8' encoding to copy filtered resources.
2016-10-06 00:48:06,236 [Worker-213] INFO  o.e.m.c.i.embedder.EclipseLogger - skip non existing resourceDirectory /Users/sriram/Documents/Selenium_repo/Selenium/Selenium.Framework/src/main/resources
2016-10-06 00:48:06,237 [Worker-213] INFO  o.e.m.c.i.embedder.EclipseLogger - Using 'UTF-8' encoding to copy filtered resources.
2016-10-06 00:48:06,237 [Worker-213] INFO  o.e.m.c.i.embedder.EclipseLogger - Copying 0 resource
2016-10-06 00:49:13,715 [Worker-224] INFO  o.e.m.c.i.embedder.EclipseLogger - Using 'UTF-8' encoding to copy filtered resources.
2016-10-06 00:49:13,715 [Worker-224] INFO  o.e.m.c.i.embedder.EclipseLogger - skip non existing resourceDirectory /Users/sriram/Documents/Selenium_repo/Selenium/Selenium.Framework/src/main/resources
2016-10-06 00:49:13,715 [Worker-224] INFO  o.e.m.c.i.embedder.EclipseLogger - Using 'UTF-8' encoding to copy filtered resources.
2016-10-06 00:49:13,715 [Worker-224] INFO  o.e.m.c.i.embedder.EclipseLogger - Copying 0 resource
2016-10-06 00:50:36,949 [Worker-225] INFO  o.e.m.c.i.embedder.EclipseLogger - Using 'UTF-8' encoding to copy filtered resources.
2016-10-06 00:50:36,949 [Worker-225] INFO  o.e.m.c.i.embedder.EclipseLogger - skip non existing resourceDirectory /Users/sriram/Documents/Selenium_repo/Selenium/Selenium.Framework/src/main/resources
2016-10-06 00:50:36,950 [Worker-225] INFO  o.e.m.c.i.embedder.EclipseLogger - Using 'UTF-8' encoding to copy filtered resources.
2016-10-06 00:50:36,950 [Worker-225] INFO  o.e.m.c.i.embedder.EclipseLogger - Copying 0 resource
2016-10-06 00:51:13,487 [Worker-227] INFO  o.e.m.c.i.embedder.EclipseLogger - Using 'UTF-8' encoding to copy filtered resources.
2016-10-06 00:51:13,487 [Worker-227] INFO  o.e.m.c.i.embedder.EclipseLogger - skip non existing resourceDirectory /Users/sriram/Documents/Selenium_repo/Selenium/Selenium.Framework/src/main/resources
2016-10-06 00:51:13,488 [Worker-227] INFO  o.e.m.c.i.embedder.EclipseLogger - Using 'UTF-8' encoding to copy filtered resources.
2016-10-06 00:51:13,488 [Worker-227] INFO  o.e.m.c.i.embedder.EclipseLogger - Copying 1 resource
2016-10-06 01:03:57,808 [Worker-230] INFO  o.e.m.c.i.embedder.EclipseLogger - Using 'UTF-8' encoding to copy filtered resources.
2016-10-06 01:03:57,808 [Worker-230] INFO  o.e.m.c.i.embedder.EclipseLogger - skip non existing resourceDirectory /Users/sriram/Documents/Selenium_repo/Selenium/Selenium.Framework/src/main/resources
2016-10-06 01:03:57,808 [Worker-230] INFO  o.e.m.c.i.embedder.EclipseLogger - Using 'UTF-8' encoding to copy filtered resources.
2016-10-06 01:03:57,808 [Worker-230] INFO  o.e.m.c.i.embedder.EclipseLogger - Copying 0 resource
2016-10-06 01:07:28,591 [Worker-234] INFO  o.e.m.c.i.embedder.EclipseLogger - Using 'UTF-8' encoding to copy filtered resources.
2016-10-06 01:07:28,591 [Worker-234] INFO  o.e.m.c.i.embedder.EclipseLogger - skip non existing resourceDirectory /Users/sriram/Documents/Selenium_repo/Selenium/Selenium.Framework/src/main/resources
2016-10-06 01:07:28,591 [Worker-234] INFO  o.e.m.c.i.embedder.EclipseLogger - Using 'UTF-8' encoding to copy filtered resources.
2016-10-06 01:07:28,591 [Worker-234] INFO  o.e.m.c.i.embedder.EclipseLogger - Copying 0 resource
